<?xml version="1.0" encoding="UTF-8"?>
<testsuite name="realsense_camera_msgs" tests="1" failures="1" time="0" errors="0" skipped="0">
  <testcase classname="realsense_camera_msgs" name="flake8_rosidl_generated_py.xunit.missing_result" time="0">
    <failure message="The test did not generate a result file:&#10;&#10;Traceback (most recent call last):&#10;  File &quot;/home/yan/.local/lib/python3.6/site-packages/flake8/plugins/manager.py&quot;, line 157, in load_plugin&#10;    self._load()&#10;  File &quot;/home/yan/.local/lib/python3.6/site-packages/flake8/plugins/manager.py&quot;, line 134, in _load&#10;    self._plugin = self.entry_point.load()&#10;  File &quot;/home/yan/.local/lib/python3.6/site-packages/importlib_metadata/__init__.py&quot;, line 98, in load&#10;    return functools.reduce(getattr, attrs, module)&#10;AttributeError: module 'pycodestyle' has no attribute 'break_around_binary_operator'&#10;&#10;During handling of the above exception, another exception occurred:&#10;&#10;Traceback (most recent call last):&#10;  File &quot;/opt/ros/dashing/bin/ament_flake8&quot;, line 11, in &lt;module&gt;&#10;    load_entry_point('ament-flake8==0.7.12', 'console_scripts', 'ament_flake8')()&#10;  File &quot;/opt/ros/dashing/lib/python3.6/site-packages/ament_flake8/main.py&quot;, line 75, in main&#10;    max_line_length=args.linelength)&#10;  File &quot;/opt/ros/dashing/lib/python3.6/site-packages/ament_flake8/main.py&quot;, line 176, in generate_flake8_report&#10;    style = get_flake8_style_guide(flake8_argv)&#10;  File &quot;/opt/ros/dashing/lib/python3.6/site-packages/ament_flake8/main.py&quot;, line 140, in get_flake8_style_guide&#10;    application.find_plugins(config_finder)&#10;  File &quot;/home/yan/.local/lib/python3.6/site-packages/flake8/main/application.py&quot;, line 159, in find_plugins&#10;    self.check_plugins.load_plugins()&#10;  File &quot;/home/yan/.local/lib/python3.6/site-packages/flake8/plugins/manager.py&quot;, line 415, in load_plugins&#10;    plugins = list(self.manager.map(load_plugin))&#10;  File &quot;/home/yan/.local/lib/python3.6/site-packages/flake8/plugins/manager.py&quot;, line 302, in map&#10;    yield func(self.plugins[name], *args, **kwargs)&#10;  File &quot;/home/yan/.local/lib/python3.6/site-packages/flake8/plugins/manager.py&quot;, line 413, in load_plugin&#10;    return plugin.load_plugin()&#10;  File &quot;/home/yan/.local/lib/python3.6/site-packages/flake8/plugins/manager.py&quot;, line 164, in load_plugin&#10;    raise failed_to_load&#10;flake8.exceptions.FailedToLoadPlugin: Flake8 failed to load plugin &quot;pycodestyle.break_around_binary_operator&quot; due to module 'pycodestyle' has no attribute 'break_around_binary_operator'.&#10;"/>
  </testcase>
</testsuite>
