Start testing: Dec 20 15:59 +08
----------------------------------------------------------
1/8 Testing: copyright
1/8 Test: copyright
Command: "/usr/bin/python3" "-u" "/opt/ros/dashing/share/ament_cmake_test/cmake/run_test.py" "/home/yan/camps_ws/build/realsense_ros2_camera/test_results/realsense_ros2_camera/copyright.xunit.xml" "--package-name" "realsense_ros2_camera" "--output-file" "/home/yan/camps_ws/build/realsense_ros2_camera/ament_copyright/copyright.txt" "--command" "/opt/ros/dashing/bin/ament_copyright" "--xunit-file" "/home/yan/camps_ws/build/realsense_ros2_camera/test_results/realsense_ros2_camera/copyright.xunit.xml"
Directory: /home/yan/camps_ws/src/ros2_intel_realsense/realsense_ros2_camera
"copyright" start time: Dec 20 15:59 +08
Output:
----------------------------------------------------------
-- run_test.py: invoking following command in '/home/yan/camps_ws/src/ros2_intel_realsense/realsense_ros2_camera':
 - /opt/ros/dashing/bin/ament_copyright --xunit-file /home/yan/camps_ws/build/realsense_ros2_camera/test_results/realsense_ros2_camera/copyright.xunit.xml
No problems found, checked 6 files
-- run_test.py: return code 0
-- run_test.py: verify result file '/home/yan/camps_ws/build/realsense_ros2_camera/test_results/realsense_ros2_camera/copyright.xunit.xml'
<end of output>
Test time =   2.52 sec
----------------------------------------------------------
Test Passed.
"copyright" end time: Dec 20 15:59 +08
"copyright" time elapsed: 00:00:02
----------------------------------------------------------

2/8 Testing: cppcheck
2/8 Test: cppcheck
Command: "/usr/bin/python3" "-u" "/opt/ros/dashing/share/ament_cmake_test/cmake/run_test.py" "/home/yan/camps_ws/build/realsense_ros2_camera/test_results/realsense_ros2_camera/cppcheck.xunit.xml" "--package-name" "realsense_ros2_camera" "--output-file" "/home/yan/camps_ws/build/realsense_ros2_camera/ament_cppcheck/cppcheck.txt" "--command" "/opt/ros/dashing/bin/ament_cppcheck" "--xunit-file" "/home/yan/camps_ws/build/realsense_ros2_camera/test_results/realsense_ros2_camera/cppcheck.xunit.xml" "--include_dirs" "/home/yan/camps_ws/src/ros2_intel_realsense/realsense_ros2_camera/include"
Directory: /home/yan/camps_ws/src/ros2_intel_realsense/realsense_ros2_camera
"cppcheck" start time: Dec 20 15:59 +08
Output:
----------------------------------------------------------
-- run_test.py: invoking following command in '/home/yan/camps_ws/src/ros2_intel_realsense/realsense_ros2_camera':
 - /opt/ros/dashing/bin/ament_cppcheck --xunit-file /home/yan/camps_ws/build/realsense_ros2_camera/test_results/realsense_ros2_camera/cppcheck.xunit.xml --include_dirs /home/yan/camps_ws/src/ros2_intel_realsense/realsense_ros2_camera/include
No problems found
-- run_test.py: return code 0
-- run_test.py: verify result file '/home/yan/camps_ws/build/realsense_ros2_camera/test_results/realsense_ros2_camera/cppcheck.xunit.xml'
<end of output>
Test time =   3.31 sec
----------------------------------------------------------
Test Passed.
"cppcheck" end time: Dec 20 15:59 +08
"cppcheck" time elapsed: 00:00:03
----------------------------------------------------------

3/8 Testing: cpplint
3/8 Test: cpplint
Command: "/usr/bin/python3" "-u" "/opt/ros/dashing/share/ament_cmake_test/cmake/run_test.py" "/home/yan/camps_ws/build/realsense_ros2_camera/test_results/realsense_ros2_camera/cpplint.xunit.xml" "--package-name" "realsense_ros2_camera" "--output-file" "/home/yan/camps_ws/build/realsense_ros2_camera/ament_cpplint/cpplint.txt" "--command" "/opt/ros/dashing/bin/ament_cpplint" "--xunit-file" "/home/yan/camps_ws/build/realsense_ros2_camera/test_results/realsense_ros2_camera/cpplint.xunit.xml"
Directory: /home/yan/camps_ws/src/ros2_intel_realsense/realsense_ros2_camera
"cpplint" start time: Dec 20 15:59 +08
Output:
----------------------------------------------------------
-- run_test.py: invoking following command in '/home/yan/camps_ws/src/ros2_intel_realsense/realsense_ros2_camera':
 - /opt/ros/dashing/bin/ament_cpplint --xunit-file /home/yan/camps_ws/build/realsense_ros2_camera/test_results/realsense_ros2_camera/cpplint.xunit.xml
/home/yan/camps_ws/src/ros2_intel_realsense/realsense_ros2_camera/src/realsense_camera_node.cpp:181:  Lines should be <= 100 characters long  [whitespace/line_length] [2]
Category 'whitespace/line_length' errors found: 1
Total errors found: 1
Using '--root=/home/yan/camps_ws/src/ros2_intel_realsense/realsense_ros2_camera/include' argument

Done processing /home/yan/camps_ws/src/ros2_intel_realsense/realsense_ros2_camera/include/realsense_ros2_camera/constants.hpp

Using '--root=/home/yan/camps_ws/src/ros2_intel_realsense/realsense_ros2_camera/src' argument

Done processing /home/yan/camps_ws/src/ros2_intel_realsense/realsense_ros2_camera/src/realsense_camera_node.cpp

Using '--root=/home/yan/camps_ws/src/ros2_intel_realsense/realsense_ros2_camera/test' argument

Done processing /home/yan/camps_ws/src/ros2_intel_realsense/realsense_ros2_camera/test/test_api.cpp

-- run_test.py: return code 1
-- run_test.py: verify result file '/home/yan/camps_ws/build/realsense_ros2_camera/test_results/realsense_ros2_camera/cpplint.xunit.xml'
<end of output>
Test time =   4.26 sec
----------------------------------------------------------
Test Failed.
"cpplint" end time: Dec 20 15:59 +08
"cpplint" time elapsed: 00:00:04
----------------------------------------------------------

4/8 Testing: flake8
4/8 Test: flake8
Command: "/usr/bin/python3" "-u" "/opt/ros/dashing/share/ament_cmake_test/cmake/run_test.py" "/home/yan/camps_ws/build/realsense_ros2_camera/test_results/realsense_ros2_camera/flake8.xunit.xml" "--package-name" "realsense_ros2_camera" "--output-file" "/home/yan/camps_ws/build/realsense_ros2_camera/ament_flake8/flake8.txt" "--command" "/opt/ros/dashing/bin/ament_flake8" "--xunit-file" "/home/yan/camps_ws/build/realsense_ros2_camera/test_results/realsense_ros2_camera/flake8.xunit.xml"
Directory: /home/yan/camps_ws/src/ros2_intel_realsense/realsense_ros2_camera
"flake8" start time: Dec 20 15:59 +08
Output:
----------------------------------------------------------
-- run_test.py: invoking following command in '/home/yan/camps_ws/src/ros2_intel_realsense/realsense_ros2_camera':
 - /opt/ros/dashing/bin/ament_flake8 --xunit-file /home/yan/camps_ws/build/realsense_ros2_camera/test_results/realsense_ros2_camera/flake8.xunit.xml
Traceback (most recent call last):
  File "/home/yan/.local/lib/python3.6/site-packages/flake8/plugins/manager.py", line 157, in load_plugin
    self._load()
  File "/home/yan/.local/lib/python3.6/site-packages/flake8/plugins/manager.py", line 134, in _load
    self._plugin = self.entry_point.load()
  File "/home/yan/.local/lib/python3.6/site-packages/importlib_metadata/__init__.py", line 98, in load
    return functools.reduce(getattr, attrs, module)
AttributeError: module 'pycodestyle' has no attribute 'break_around_binary_operator'

During handling of the above exception, another exception occurred:

Traceback (most recent call last):
  File "/opt/ros/dashing/bin/ament_flake8", line 11, in <module>
    load_entry_point('ament-flake8==0.7.12', 'console_scripts', 'ament_flake8')()
  File "/opt/ros/dashing/lib/python3.6/site-packages/ament_flake8/main.py", line 75, in main
    max_line_length=args.linelength)
  File "/opt/ros/dashing/lib/python3.6/site-packages/ament_flake8/main.py", line 176, in generate_flake8_report
    style = get_flake8_style_guide(flake8_argv)
  File "/opt/ros/dashing/lib/python3.6/site-packages/ament_flake8/main.py", line 140, in get_flake8_style_guide
    application.find_plugins(config_finder)
  File "/home/yan/.local/lib/python3.6/site-packages/flake8/main/application.py", line 159, in find_plugins
    self.check_plugins.load_plugins()
  File "/home/yan/.local/lib/python3.6/site-packages/flake8/plugins/manager.py", line 415, in load_plugins
    plugins = list(self.manager.map(load_plugin))
  File "/home/yan/.local/lib/python3.6/site-packages/flake8/plugins/manager.py", line 302, in map
    yield func(self.plugins[name], *args, **kwargs)
  File "/home/yan/.local/lib/python3.6/site-packages/flake8/plugins/manager.py", line 413, in load_plugin
    return plugin.load_plugin()
  File "/home/yan/.local/lib/python3.6/site-packages/flake8/plugins/manager.py", line 164, in load_plugin
    raise failed_to_load
flake8.exceptions.FailedToLoadPlugin: Flake8 failed to load plugin "pycodestyle.break_around_binary_operator" due to module 'pycodestyle' has no attribute 'break_around_binary_operator'.
-- run_test.py: return code 1
-- run_test.py: generate result file '/home/yan/camps_ws/build/realsense_ros2_camera/test_results/realsense_ros2_camera/flake8.xunit.xml' with failed test
-- run_test.py: verify result file '/home/yan/camps_ws/build/realsense_ros2_camera/test_results/realsense_ros2_camera/flake8.xunit.xml'
<end of output>
Test time =   3.09 sec
----------------------------------------------------------
Test Failed.
"flake8" end time: Dec 20 15:59 +08
"flake8" time elapsed: 00:00:03
----------------------------------------------------------

5/8 Testing: lint_cmake
5/8 Test: lint_cmake
Command: "/usr/bin/python3" "-u" "/opt/ros/dashing/share/ament_cmake_test/cmake/run_test.py" "/home/yan/camps_ws/build/realsense_ros2_camera/test_results/realsense_ros2_camera/lint_cmake.xunit.xml" "--package-name" "realsense_ros2_camera" "--output-file" "/home/yan/camps_ws/build/realsense_ros2_camera/ament_lint_cmake/lint_cmake.txt" "--command" "/opt/ros/dashing/bin/ament_lint_cmake" "--xunit-file" "/home/yan/camps_ws/build/realsense_ros2_camera/test_results/realsense_ros2_camera/lint_cmake.xunit.xml"
Directory: /home/yan/camps_ws/src/ros2_intel_realsense/realsense_ros2_camera
"lint_cmake" start time: Dec 20 15:59 +08
Output:
----------------------------------------------------------
-- run_test.py: invoking following command in '/home/yan/camps_ws/src/ros2_intel_realsense/realsense_ros2_camera':
 - /opt/ros/dashing/bin/ament_lint_cmake --xunit-file /home/yan/camps_ws/build/realsense_ros2_camera/test_results/realsense_ros2_camera/lint_cmake.xunit.xml

No problems found
-- run_test.py: return code 0
-- run_test.py: verify result file '/home/yan/camps_ws/build/realsense_ros2_camera/test_results/realsense_ros2_camera/lint_cmake.xunit.xml'
<end of output>
Test time =   1.82 sec
----------------------------------------------------------
Test Passed.
"lint_cmake" end time: Dec 20 15:59 +08
"lint_cmake" time elapsed: 00:00:01
----------------------------------------------------------

6/8 Testing: pep257
6/8 Test: pep257
Command: "/usr/bin/python3" "-u" "/opt/ros/dashing/share/ament_cmake_test/cmake/run_test.py" "/home/yan/camps_ws/build/realsense_ros2_camera/test_results/realsense_ros2_camera/pep257.xunit.xml" "--package-name" "realsense_ros2_camera" "--output-file" "/home/yan/camps_ws/build/realsense_ros2_camera/ament_pep257/pep257.txt" "--command" "/opt/ros/dashing/bin/ament_pep257" "--xunit-file" "/home/yan/camps_ws/build/realsense_ros2_camera/test_results/realsense_ros2_camera/pep257.xunit.xml"
Directory: /home/yan/camps_ws/src/ros2_intel_realsense/realsense_ros2_camera
"pep257" start time: Dec 20 15:59 +08
Output:
----------------------------------------------------------
-- run_test.py: invoking following command in '/home/yan/camps_ws/src/ros2_intel_realsense/realsense_ros2_camera':
 - /opt/ros/dashing/bin/ament_pep257 --xunit-file /home/yan/camps_ws/build/realsense_ros2_camera/test_results/realsense_ros2_camera/pep257.xunit.xml
checking ./launch/realsense2_to_laserscan.py
checking ./launch/ros2_intel_realsense.launch.py
checking ./launch/rs.launch.py
No problems found
-- run_test.py: return code 0
-- run_test.py: verify result file '/home/yan/camps_ws/build/realsense_ros2_camera/test_results/realsense_ros2_camera/pep257.xunit.xml'
<end of output>
Test time =   2.19 sec
----------------------------------------------------------
Test Passed.
"pep257" end time: Dec 20 15:59 +08
"pep257" time elapsed: 00:00:02
----------------------------------------------------------

7/8 Testing: uncrustify
7/8 Test: uncrustify
Command: "/usr/bin/python3" "-u" "/opt/ros/dashing/share/ament_cmake_test/cmake/run_test.py" "/home/yan/camps_ws/build/realsense_ros2_camera/test_results/realsense_ros2_camera/uncrustify.xunit.xml" "--package-name" "realsense_ros2_camera" "--output-file" "/home/yan/camps_ws/build/realsense_ros2_camera/ament_uncrustify/uncrustify.txt" "--command" "/opt/ros/dashing/bin/ament_uncrustify" "--xunit-file" "/home/yan/camps_ws/build/realsense_ros2_camera/test_results/realsense_ros2_camera/uncrustify.xunit.xml"
Directory: /home/yan/camps_ws/src/ros2_intel_realsense/realsense_ros2_camera
"uncrustify" start time: Dec 20 15:59 +08
Output:
----------------------------------------------------------
-- run_test.py: invoking following command in '/home/yan/camps_ws/src/ros2_intel_realsense/realsense_ros2_camera':
 - /opt/ros/dashing/bin/ament_uncrustify --xunit-file /home/yan/camps_ws/build/realsense_ros2_camera/test_results/realsense_ros2_camera/uncrustify.xunit.xml
Code style divergence in file 'src/realsense_camera_node.cpp':

--- src/realsense_camera_node.cpp
+++ src/realsense_camera_node.cpp.uncrustify
@@ -181 +181,3 @@
-    timer_ = this->create_wall_timer(std::chrono::seconds(1), std::bind(&RealSenseCameraNode::publishStaticTransforms, this));
+    timer_ =
+      this->create_wall_timer(std::chrono::seconds(1),
+        std::bind(&RealSenseCameraNode::publishStaticTransforms, this));

1 files with code style divergence
No code style divergence in file 'include/realsense_ros2_camera/constants.hpp'

No code style divergence in file 'test/test_api.cpp'

-- run_test.py: return code 1
-- run_test.py: verify result file '/home/yan/camps_ws/build/realsense_ros2_camera/test_results/realsense_ros2_camera/uncrustify.xunit.xml'
<end of output>
Test time =   3.05 sec
----------------------------------------------------------
Test Failed.
"uncrustify" end time: Dec 20 16:00 +08
"uncrustify" time elapsed: 00:00:03
----------------------------------------------------------

8/8 Testing: xmllint
8/8 Test: xmllint
Command: "/usr/bin/python3" "-u" "/opt/ros/dashing/share/ament_cmake_test/cmake/run_test.py" "/home/yan/camps_ws/build/realsense_ros2_camera/test_results/realsense_ros2_camera/xmllint.xunit.xml" "--package-name" "realsense_ros2_camera" "--output-file" "/home/yan/camps_ws/build/realsense_ros2_camera/ament_xmllint/xmllint.txt" "--command" "/opt/ros/dashing/bin/ament_xmllint" "--xunit-file" "/home/yan/camps_ws/build/realsense_ros2_camera/test_results/realsense_ros2_camera/xmllint.xunit.xml"
Directory: /home/yan/camps_ws/src/ros2_intel_realsense/realsense_ros2_camera
"xmllint" start time: Dec 20 16:00 +08
Output:
----------------------------------------------------------
-- run_test.py: invoking following command in '/home/yan/camps_ws/src/ros2_intel_realsense/realsense_ros2_camera':
 - /opt/ros/dashing/bin/ament_xmllint --xunit-file /home/yan/camps_ws/build/realsense_ros2_camera/test_results/realsense_ros2_camera/xmllint.xunit.xml
File 'package.xml' is valid

No problems found
-- run_test.py: return code 0
-- run_test.py: verify result file '/home/yan/camps_ws/build/realsense_ros2_camera/test_results/realsense_ros2_camera/xmllint.xunit.xml'
<end of output>
Test time =   3.57 sec
----------------------------------------------------------
Test Passed.
"xmllint" end time: Dec 20 16:00 +08
"xmllint" time elapsed: 00:00:03
----------------------------------------------------------

End testing: Dec 20 16:00 +08

copyright =   2.52 sec*proc

cppcheck =   3.31 sec*proc

cpplint =   4.26 sec*proc

flake8 =   3.09 sec*proc

lint_cmake =   1.82 sec*proc

linter =  23.80 sec*proc

pep257 =   2.19 sec*proc

uncrustify =   3.05 sec*proc

xmllint =   3.57 sec*proc

