<?xml version="1.0" encoding="UTF-8"?>
<Site BuildName="(empty)"
	BuildStamp="20201220-0758-Experimental"
	Name="yan-desktop"
	Generator="ctest-3.10.2"
	CompilerName="/usr/bin/c++"
	CompilerVersion="7.5.0"
	OSName="Linux"
	Hostname="yan-desktop"
	OSRelease="4.9.140-tegra"
	OSVersion="#1 SMP PREEMPT Tue Oct 27 21:02:37 PDT 2020"
	OSPlatform="aarch64"
	Is64Bits="1"
	VendorString=""
	VendorID="Unknown Manufacturer"
	FamilyID="8"
	ModelID="0"
	ProcessorCacheSize="0"
	NumberOfLogicalCPU="4"
	NumberOfPhysicalCPU="1"
	TotalVirtualMemory="1982"
	TotalPhysicalMemory="3964"
	LogicalProcessorsPerPhysical="4"
	ProcessorClockFrequency="0"
	>
	<Testing>
		<StartDateTime>Dec 20 15:58 +08</StartDateTime>
		<StartTestTime>1608451113</StartTestTime>
		<TestList>
			<Test>./cppcheck_rosidl_typesupport_c</Test>
			<Test>./cpplint_rosidl_typesupport_c</Test>
			<Test>./uncrustify_rosidl_typesupport_c</Test>
			<Test>./cppcheck_rosidl_typesupport_cpp</Test>
			<Test>./cpplint_rosidl_typesupport_cpp</Test>
			<Test>./uncrustify_rosidl_typesupport_cpp</Test>
			<Test>./cppcheck_rosidl_typesupport_fastrtps_c</Test>
			<Test>./cpplint_rosidl_typesupport_fastrtps_c</Test>
			<Test>./uncrustify_rosidl_typesupport_fastrtps_c</Test>
			<Test>./cppcheck_rosidl_generated_c</Test>
			<Test>./cpplint_rosidl_generated_c</Test>
			<Test>./uncrustify_rosidl_generated_c</Test>
			<Test>./cppcheck_rosidl_typesupport_fastrtps_cpp</Test>
			<Test>./cpplint_rosidl_typesupport_fastrtps_cpp</Test>
			<Test>./uncrustify_rosidl_typesupport_fastrtps_cpp</Test>
			<Test>./cppcheck_rosidl_generated_cpp</Test>
			<Test>./cpplint_rosidl_generated_cpp</Test>
			<Test>./uncrustify_rosidl_generated_cpp</Test>
			<Test>./cppcheck_rosidl_typesupport_introspection_c</Test>
			<Test>./cpplint_rosidl_typesupport_introspection_c</Test>
			<Test>./uncrustify_rosidl_typesupport_introspection_c</Test>
			<Test>./cppcheck_rosidl_typesupport_introspection_cpp</Test>
			<Test>./cpplint_rosidl_typesupport_introspection_cpp</Test>
			<Test>./uncrustify_rosidl_typesupport_introspection_cpp</Test>
			<Test>./cppcheck_rosidl_generated_py</Test>
			<Test>./cpplint_rosidl_generated_py</Test>
			<Test>./flake8_rosidl_generated_py</Test>
			<Test>./pep257_rosidl_generated_py</Test>
			<Test>./uncrustify_rosidl_generated_py</Test>
		</TestList>
		<Test Status="passed">
			<Name>cppcheck_rosidl_typesupport_c</Name>
			<Path>.</Path>
			<FullName>./cppcheck_rosidl_typesupport_c</FullName>
			<FullCommandLine>/usr/bin/python3 "-u" "/opt/ros/dashing/share/ament_cmake_test/cmake/run_test.py" "/home/yan/camps_ws/build/realsense_camera_msgs/test_results/realsense_camera_msgs/cppcheck_rosidl_typesupport_c.xunit.xml" "--package-name" "realsense_camera_msgs" "--output-file" "/home/yan/camps_ws/build/realsense_camera_msgs/ament_cppcheck/cppcheck_rosidl_typesupport_c.txt" "--command" "/opt/ros/dashing/bin/ament_cppcheck" "--xunit-file" "/home/yan/camps_ws/build/realsense_camera_msgs/test_results/realsense_camera_msgs/cppcheck_rosidl_typesupport_c.xunit.xml" "/home/yan/camps_ws/build/realsense_camera_msgs/rosidl_typesupport_c/realsense_camera_msgs"</FullCommandLine>
			<Results>
				<NamedMeasurement type="numeric/double" name="Execution Time">
					<Value>1.90796</Value>
				</NamedMeasurement>
				<NamedMeasurement type="numeric/double" name="Processors">
					<Value>1</Value>
				</NamedMeasurement>
				<NamedMeasurement type="text/string" name="Completion Status">
					<Value>Completed</Value>
				</NamedMeasurement>
				<NamedMeasurement type="text/string" name="Command Line">
					<Value>/usr/bin/python3 "-u" "/opt/ros/dashing/share/ament_cmake_test/cmake/run_test.py" "/home/yan/camps_ws/build/realsense_camera_msgs/test_results/realsense_camera_msgs/cppcheck_rosidl_typesupport_c.xunit.xml" "--package-name" "realsense_camera_msgs" "--output-file" "/home/yan/camps_ws/build/realsense_camera_msgs/ament_cppcheck/cppcheck_rosidl_typesupport_c.txt" "--command" "/opt/ros/dashing/bin/ament_cppcheck" "--xunit-file" "/home/yan/camps_ws/build/realsense_camera_msgs/test_results/realsense_camera_msgs/cppcheck_rosidl_typesupport_c.xunit.xml" "/home/yan/camps_ws/build/realsense_camera_msgs/rosidl_typesupport_c/realsense_camera_msgs"</Value>
				</NamedMeasurement>
				<Measurement>
					<Value>-- run_test.py: invoking following command in '/home/yan/camps_ws/src/ros2_intel_realsense/realsense_camera_msgs':
 - /opt/ros/dashing/bin/ament_cppcheck --xunit-file /home/yan/camps_ws/build/realsense_camera_msgs/test_results/realsense_camera_msgs/cppcheck_rosidl_typesupport_c.xunit.xml /home/yan/camps_ws/build/realsense_camera_msgs/rosidl_typesupport_c/realsense_camera_msgs
No problems found
-- run_test.py: return code 0
-- run_test.py: verify result file '/home/yan/camps_ws/build/realsense_camera_msgs/test_results/realsense_camera_msgs/cppcheck_rosidl_typesupport_c.xunit.xml'
</Value>
				</Measurement>
			</Results>
			<Labels>
				<Label>cppcheck</Label>
				<Label>linter</Label>
			</Labels>
		</Test>
		<Test Status="passed">
			<Name>cpplint_rosidl_typesupport_c</Name>
			<Path>.</Path>
			<FullName>./cpplint_rosidl_typesupport_c</FullName>
			<FullCommandLine>/usr/bin/python3 "-u" "/opt/ros/dashing/share/ament_cmake_test/cmake/run_test.py" "/home/yan/camps_ws/build/realsense_camera_msgs/test_results/realsense_camera_msgs/cpplint_rosidl_typesupport_c.xunit.xml" "--package-name" "realsense_camera_msgs" "--output-file" "/home/yan/camps_ws/build/realsense_camera_msgs/ament_cpplint/cpplint_rosidl_typesupport_c.txt" "--command" "/opt/ros/dashing/bin/ament_cpplint" "--xunit-file" "/home/yan/camps_ws/build/realsense_camera_msgs/test_results/realsense_camera_msgs/cpplint_rosidl_typesupport_c.xunit.xml" "--linelength" "999" "--root" "/home/yan/camps_ws/build/realsense_camera_msgs/rosidl_typesupport_c" "/home/yan/camps_ws/build/realsense_camera_msgs/rosidl_typesupport_c/realsense_camera_msgs"</FullCommandLine>
			<Results>
				<NamedMeasurement type="numeric/double" name="Execution Time">
					<Value>2.10764</Value>
				</NamedMeasurement>
				<NamedMeasurement type="numeric/double" name="Processors">
					<Value>1</Value>
				</NamedMeasurement>
				<NamedMeasurement type="text/string" name="Completion Status">
					<Value>Completed</Value>
				</NamedMeasurement>
				<NamedMeasurement type="text/string" name="Command Line">
					<Value>/usr/bin/python3 "-u" "/opt/ros/dashing/share/ament_cmake_test/cmake/run_test.py" "/home/yan/camps_ws/build/realsense_camera_msgs/test_results/realsense_camera_msgs/cpplint_rosidl_typesupport_c.xunit.xml" "--package-name" "realsense_camera_msgs" "--output-file" "/home/yan/camps_ws/build/realsense_camera_msgs/ament_cpplint/cpplint_rosidl_typesupport_c.txt" "--command" "/opt/ros/dashing/bin/ament_cpplint" "--xunit-file" "/home/yan/camps_ws/build/realsense_camera_msgs/test_results/realsense_camera_msgs/cpplint_rosidl_typesupport_c.xunit.xml" "--linelength" "999" "--root" "/home/yan/camps_ws/build/realsense_camera_msgs/rosidl_typesupport_c" "/home/yan/camps_ws/build/realsense_camera_msgs/rosidl_typesupport_c/realsense_camera_msgs"</Value>
				</NamedMeasurement>
				<Measurement>
					<Value>-- run_test.py: invoking following command in '/home/yan/camps_ws/src/ros2_intel_realsense/realsense_camera_msgs':
 - /opt/ros/dashing/bin/ament_cpplint --xunit-file /home/yan/camps_ws/build/realsense_camera_msgs/test_results/realsense_camera_msgs/cpplint_rosidl_typesupport_c.xunit.xml --linelength 999 --root /home/yan/camps_ws/build/realsense_camera_msgs/rosidl_typesupport_c /home/yan/camps_ws/build/realsense_camera_msgs/rosidl_typesupport_c/realsense_camera_msgs
Using '--root=/home/yan/camps_ws/build/realsense_camera_msgs/rosidl_typesupport_c' argument

Done processing /home/yan/camps_ws/build/realsense_camera_msgs/rosidl_typesupport_c/realsense_camera_msgs/msg/extrinsics__type_support.cpp

Done processing /home/yan/camps_ws/build/realsense_camera_msgs/rosidl_typesupport_c/realsense_camera_msgs/msg/imu_info__type_support.cpp

Done processing /home/yan/camps_ws/build/realsense_camera_msgs/rosidl_typesupport_c/realsense_camera_msgs/msg/rosidl_typesupport_c__visibility_control.h

No problems found
-- run_test.py: return code 0
-- run_test.py: verify result file '/home/yan/camps_ws/build/realsense_camera_msgs/test_results/realsense_camera_msgs/cpplint_rosidl_typesupport_c.xunit.xml'
</Value>
				</Measurement>
			</Results>
			<Labels>
				<Label>cpplint</Label>
				<Label>linter</Label>
			</Labels>
		</Test>
		<Test Status="passed">
			<Name>uncrustify_rosidl_typesupport_c</Name>
			<Path>.</Path>
			<FullName>./uncrustify_rosidl_typesupport_c</FullName>
			<FullCommandLine>/usr/bin/python3 "-u" "/opt/ros/dashing/share/ament_cmake_test/cmake/run_test.py" "/home/yan/camps_ws/build/realsense_camera_msgs/test_results/realsense_camera_msgs/uncrustify_rosidl_typesupport_c.xunit.xml" "--package-name" "realsense_camera_msgs" "--output-file" "/home/yan/camps_ws/build/realsense_camera_msgs/ament_uncrustify/uncrustify_rosidl_typesupport_c.txt" "--command" "/opt/ros/dashing/bin/ament_uncrustify" "--xunit-file" "/home/yan/camps_ws/build/realsense_camera_msgs/test_results/realsense_camera_msgs/uncrustify_rosidl_typesupport_c.xunit.xml" "--linelength" "0" "/home/yan/camps_ws/build/realsense_camera_msgs/rosidl_typesupport_c/realsense_camera_msgs"</FullCommandLine>
			<Results>
				<NamedMeasurement type="numeric/double" name="Execution Time">
					<Value>1.98516</Value>
				</NamedMeasurement>
				<NamedMeasurement type="numeric/double" name="Processors">
					<Value>1</Value>
				</NamedMeasurement>
				<NamedMeasurement type="text/string" name="Completion Status">
					<Value>Completed</Value>
				</NamedMeasurement>
				<NamedMeasurement type="text/string" name="Command Line">
					<Value>/usr/bin/python3 "-u" "/opt/ros/dashing/share/ament_cmake_test/cmake/run_test.py" "/home/yan/camps_ws/build/realsense_camera_msgs/test_results/realsense_camera_msgs/uncrustify_rosidl_typesupport_c.xunit.xml" "--package-name" "realsense_camera_msgs" "--output-file" "/home/yan/camps_ws/build/realsense_camera_msgs/ament_uncrustify/uncrustify_rosidl_typesupport_c.txt" "--command" "/opt/ros/dashing/bin/ament_uncrustify" "--xunit-file" "/home/yan/camps_ws/build/realsense_camera_msgs/test_results/realsense_camera_msgs/uncrustify_rosidl_typesupport_c.xunit.xml" "--linelength" "0" "/home/yan/camps_ws/build/realsense_camera_msgs/rosidl_typesupport_c/realsense_camera_msgs"</Value>
				</NamedMeasurement>
				<Measurement>
					<Value>-- run_test.py: invoking following command in '/home/yan/camps_ws/src/ros2_intel_realsense/realsense_camera_msgs':
 - /opt/ros/dashing/bin/ament_uncrustify --xunit-file /home/yan/camps_ws/build/realsense_camera_msgs/test_results/realsense_camera_msgs/uncrustify_rosidl_typesupport_c.xunit.xml --linelength 0 /home/yan/camps_ws/build/realsense_camera_msgs/rosidl_typesupport_c/realsense_camera_msgs
No code style divergence in file '/home/yan/camps_ws/build/realsense_camera_msgs/rosidl_typesupport_c/realsense_camera_msgs/msg/extrinsics__type_support.cpp'

No code style divergence in file '/home/yan/camps_ws/build/realsense_camera_msgs/rosidl_typesupport_c/realsense_camera_msgs/msg/imu_info__type_support.cpp'

No code style divergence in file '/home/yan/camps_ws/build/realsense_camera_msgs/rosidl_typesupport_c/realsense_camera_msgs/msg/rosidl_typesupport_c__visibility_control.h'

No problems found
-- run_test.py: return code 0
-- run_test.py: verify result file '/home/yan/camps_ws/build/realsense_camera_msgs/test_results/realsense_camera_msgs/uncrustify_rosidl_typesupport_c.xunit.xml'
</Value>
				</Measurement>
			</Results>
			<Labels>
				<Label>linter</Label>
				<Label>uncrustify</Label>
			</Labels>
		</Test>
		<Test Status="passed">
			<Name>cppcheck_rosidl_typesupport_cpp</Name>
			<Path>.</Path>
			<FullName>./cppcheck_rosidl_typesupport_cpp</FullName>
			<FullCommandLine>/usr/bin/python3 "-u" "/opt/ros/dashing/share/ament_cmake_test/cmake/run_test.py" "/home/yan/camps_ws/build/realsense_camera_msgs/test_results/realsense_camera_msgs/cppcheck_rosidl_typesupport_cpp.xunit.xml" "--package-name" "realsense_camera_msgs" "--output-file" "/home/yan/camps_ws/build/realsense_camera_msgs/ament_cppcheck/cppcheck_rosidl_typesupport_cpp.txt" "--command" "/opt/ros/dashing/bin/ament_cppcheck" "--xunit-file" "/home/yan/camps_ws/build/realsense_camera_msgs/test_results/realsense_camera_msgs/cppcheck_rosidl_typesupport_cpp.xunit.xml" "/home/yan/camps_ws/build/realsense_camera_msgs/rosidl_typesupport_cpp/realsense_camera_msgs"</FullCommandLine>
			<Results>
				<NamedMeasurement type="numeric/double" name="Execution Time">
					<Value>1.9215</Value>
				</NamedMeasurement>
				<NamedMeasurement type="numeric/double" name="Processors">
					<Value>1</Value>
				</NamedMeasurement>
				<NamedMeasurement type="text/string" name="Completion Status">
					<Value>Completed</Value>
				</NamedMeasurement>
				<NamedMeasurement type="text/string" name="Command Line">
					<Value>/usr/bin/python3 "-u" "/opt/ros/dashing/share/ament_cmake_test/cmake/run_test.py" "/home/yan/camps_ws/build/realsense_camera_msgs/test_results/realsense_camera_msgs/cppcheck_rosidl_typesupport_cpp.xunit.xml" "--package-name" "realsense_camera_msgs" "--output-file" "/home/yan/camps_ws/build/realsense_camera_msgs/ament_cppcheck/cppcheck_rosidl_typesupport_cpp.txt" "--command" "/opt/ros/dashing/bin/ament_cppcheck" "--xunit-file" "/home/yan/camps_ws/build/realsense_camera_msgs/test_results/realsense_camera_msgs/cppcheck_rosidl_typesupport_cpp.xunit.xml" "/home/yan/camps_ws/build/realsense_camera_msgs/rosidl_typesupport_cpp/realsense_camera_msgs"</Value>
				</NamedMeasurement>
				<Measurement>
					<Value>-- run_test.py: invoking following command in '/home/yan/camps_ws/src/ros2_intel_realsense/realsense_camera_msgs':
 - /opt/ros/dashing/bin/ament_cppcheck --xunit-file /home/yan/camps_ws/build/realsense_camera_msgs/test_results/realsense_camera_msgs/cppcheck_rosidl_typesupport_cpp.xunit.xml /home/yan/camps_ws/build/realsense_camera_msgs/rosidl_typesupport_cpp/realsense_camera_msgs
No problems found
-- run_test.py: return code 0
-- run_test.py: verify result file '/home/yan/camps_ws/build/realsense_camera_msgs/test_results/realsense_camera_msgs/cppcheck_rosidl_typesupport_cpp.xunit.xml'
</Value>
				</Measurement>
			</Results>
			<Labels>
				<Label>cppcheck</Label>
				<Label>linter</Label>
			</Labels>
		</Test>
		<Test Status="passed">
			<Name>cpplint_rosidl_typesupport_cpp</Name>
			<Path>.</Path>
			<FullName>./cpplint_rosidl_typesupport_cpp</FullName>
			<FullCommandLine>/usr/bin/python3 "-u" "/opt/ros/dashing/share/ament_cmake_test/cmake/run_test.py" "/home/yan/camps_ws/build/realsense_camera_msgs/test_results/realsense_camera_msgs/cpplint_rosidl_typesupport_cpp.xunit.xml" "--package-name" "realsense_camera_msgs" "--output-file" "/home/yan/camps_ws/build/realsense_camera_msgs/ament_cpplint/cpplint_rosidl_typesupport_cpp.txt" "--command" "/opt/ros/dashing/bin/ament_cpplint" "--xunit-file" "/home/yan/camps_ws/build/realsense_camera_msgs/test_results/realsense_camera_msgs/cpplint_rosidl_typesupport_cpp.xunit.xml" "--linelength" "999" "--root" "/home/yan/camps_ws/build/realsense_camera_msgs/rosidl_typesupport_cpp" "/home/yan/camps_ws/build/realsense_camera_msgs/rosidl_typesupport_cpp/realsense_camera_msgs"</FullCommandLine>
			<Results>
				<NamedMeasurement type="numeric/double" name="Execution Time">
					<Value>2.17795</Value>
				</NamedMeasurement>
				<NamedMeasurement type="numeric/double" name="Processors">
					<Value>1</Value>
				</NamedMeasurement>
				<NamedMeasurement type="text/string" name="Completion Status">
					<Value>Completed</Value>
				</NamedMeasurement>
				<NamedMeasurement type="text/string" name="Command Line">
					<Value>/usr/bin/python3 "-u" "/opt/ros/dashing/share/ament_cmake_test/cmake/run_test.py" "/home/yan/camps_ws/build/realsense_camera_msgs/test_results/realsense_camera_msgs/cpplint_rosidl_typesupport_cpp.xunit.xml" "--package-name" "realsense_camera_msgs" "--output-file" "/home/yan/camps_ws/build/realsense_camera_msgs/ament_cpplint/cpplint_rosidl_typesupport_cpp.txt" "--command" "/opt/ros/dashing/bin/ament_cpplint" "--xunit-file" "/home/yan/camps_ws/build/realsense_camera_msgs/test_results/realsense_camera_msgs/cpplint_rosidl_typesupport_cpp.xunit.xml" "--linelength" "999" "--root" "/home/yan/camps_ws/build/realsense_camera_msgs/rosidl_typesupport_cpp" "/home/yan/camps_ws/build/realsense_camera_msgs/rosidl_typesupport_cpp/realsense_camera_msgs"</Value>
				</NamedMeasurement>
				<Measurement>
					<Value>-- run_test.py: invoking following command in '/home/yan/camps_ws/src/ros2_intel_realsense/realsense_camera_msgs':
 - /opt/ros/dashing/bin/ament_cpplint --xunit-file /home/yan/camps_ws/build/realsense_camera_msgs/test_results/realsense_camera_msgs/cpplint_rosidl_typesupport_cpp.xunit.xml --linelength 999 --root /home/yan/camps_ws/build/realsense_camera_msgs/rosidl_typesupport_cpp /home/yan/camps_ws/build/realsense_camera_msgs/rosidl_typesupport_cpp/realsense_camera_msgs
Using '--root=/home/yan/camps_ws/build/realsense_camera_msgs/rosidl_typesupport_cpp' argument

Done processing /home/yan/camps_ws/build/realsense_camera_msgs/rosidl_typesupport_cpp/realsense_camera_msgs/msg/extrinsics__type_support.cpp

Done processing /home/yan/camps_ws/build/realsense_camera_msgs/rosidl_typesupport_cpp/realsense_camera_msgs/msg/imu_info__type_support.cpp

No problems found
-- run_test.py: return code 0
-- run_test.py: verify result file '/home/yan/camps_ws/build/realsense_camera_msgs/test_results/realsense_camera_msgs/cpplint_rosidl_typesupport_cpp.xunit.xml'
</Value>
				</Measurement>
			</Results>
			<Labels>
				<Label>cpplint</Label>
				<Label>linter</Label>
			</Labels>
		</Test>
		<Test Status="passed">
			<Name>uncrustify_rosidl_typesupport_cpp</Name>
			<Path>.</Path>
			<FullName>./uncrustify_rosidl_typesupport_cpp</FullName>
			<FullCommandLine>/usr/bin/python3 "-u" "/opt/ros/dashing/share/ament_cmake_test/cmake/run_test.py" "/home/yan/camps_ws/build/realsense_camera_msgs/test_results/realsense_camera_msgs/uncrustify_rosidl_typesupport_cpp.xunit.xml" "--package-name" "realsense_camera_msgs" "--output-file" "/home/yan/camps_ws/build/realsense_camera_msgs/ament_uncrustify/uncrustify_rosidl_typesupport_cpp.txt" "--command" "/opt/ros/dashing/bin/ament_uncrustify" "--xunit-file" "/home/yan/camps_ws/build/realsense_camera_msgs/test_results/realsense_camera_msgs/uncrustify_rosidl_typesupport_cpp.xunit.xml" "--linelength" "0" "/home/yan/camps_ws/build/realsense_camera_msgs/rosidl_typesupport_cpp/realsense_camera_msgs"</FullCommandLine>
			<Results>
				<NamedMeasurement type="numeric/double" name="Execution Time">
					<Value>2.0723</Value>
				</NamedMeasurement>
				<NamedMeasurement type="numeric/double" name="Processors">
					<Value>1</Value>
				</NamedMeasurement>
				<NamedMeasurement type="text/string" name="Completion Status">
					<Value>Completed</Value>
				</NamedMeasurement>
				<NamedMeasurement type="text/string" name="Command Line">
					<Value>/usr/bin/python3 "-u" "/opt/ros/dashing/share/ament_cmake_test/cmake/run_test.py" "/home/yan/camps_ws/build/realsense_camera_msgs/test_results/realsense_camera_msgs/uncrustify_rosidl_typesupport_cpp.xunit.xml" "--package-name" "realsense_camera_msgs" "--output-file" "/home/yan/camps_ws/build/realsense_camera_msgs/ament_uncrustify/uncrustify_rosidl_typesupport_cpp.txt" "--command" "/opt/ros/dashing/bin/ament_uncrustify" "--xunit-file" "/home/yan/camps_ws/build/realsense_camera_msgs/test_results/realsense_camera_msgs/uncrustify_rosidl_typesupport_cpp.xunit.xml" "--linelength" "0" "/home/yan/camps_ws/build/realsense_camera_msgs/rosidl_typesupport_cpp/realsense_camera_msgs"</Value>
				</NamedMeasurement>
				<Measurement>
					<Value>-- run_test.py: invoking following command in '/home/yan/camps_ws/src/ros2_intel_realsense/realsense_camera_msgs':
 - /opt/ros/dashing/bin/ament_uncrustify --xunit-file /home/yan/camps_ws/build/realsense_camera_msgs/test_results/realsense_camera_msgs/uncrustify_rosidl_typesupport_cpp.xunit.xml --linelength 0 /home/yan/camps_ws/build/realsense_camera_msgs/rosidl_typesupport_cpp/realsense_camera_msgs
No code style divergence in file '/home/yan/camps_ws/build/realsense_camera_msgs/rosidl_typesupport_cpp/realsense_camera_msgs/msg/extrinsics__type_support.cpp'

No code style divergence in file '/home/yan/camps_ws/build/realsense_camera_msgs/rosidl_typesupport_cpp/realsense_camera_msgs/msg/imu_info__type_support.cpp'

No problems found
-- run_test.py: return code 0
-- run_test.py: verify result file '/home/yan/camps_ws/build/realsense_camera_msgs/test_results/realsense_camera_msgs/uncrustify_rosidl_typesupport_cpp.xunit.xml'
</Value>
				</Measurement>
			</Results>
			<Labels>
				<Label>linter</Label>
				<Label>uncrustify</Label>
			</Labels>
		</Test>
		<Test Status="passed">
			<Name>cppcheck_rosidl_typesupport_fastrtps_c</Name>
			<Path>.</Path>
			<FullName>./cppcheck_rosidl_typesupport_fastrtps_c</FullName>
			<FullCommandLine>/usr/bin/python3 "-u" "/opt/ros/dashing/share/ament_cmake_test/cmake/run_test.py" "/home/yan/camps_ws/build/realsense_camera_msgs/test_results/realsense_camera_msgs/cppcheck_rosidl_typesupport_fastrtps_c.xunit.xml" "--package-name" "realsense_camera_msgs" "--output-file" "/home/yan/camps_ws/build/realsense_camera_msgs/ament_cppcheck/cppcheck_rosidl_typesupport_fastrtps_c.txt" "--command" "/opt/ros/dashing/bin/ament_cppcheck" "--xunit-file" "/home/yan/camps_ws/build/realsense_camera_msgs/test_results/realsense_camera_msgs/cppcheck_rosidl_typesupport_fastrtps_c.xunit.xml" "/home/yan/camps_ws/build/realsense_camera_msgs/rosidl_typesupport_fastrtps_c/realsense_camera_msgs/msg/imu_info__rosidl_typesupport_fastrtps_c.h" "/home/yan/camps_ws/build/realsense_camera_msgs/rosidl_typesupport_fastrtps_c/realsense_camera_msgs/msg/imu_info__type_support_c.cpp" "/home/yan/camps_ws/build/realsense_camera_msgs/rosidl_typesupport_fastrtps_c/realsense_camera_msgs/msg/extrinsics__rosidl_typesupport_fastrtps_c.h" "/home/yan/camps_ws/build/realsense_camera_msgs/rosidl_typesupport_fastrtps_c/realsense_camera_msgs/msg/extrinsics__type_support_c.cpp"</FullCommandLine>
			<Results>
				<NamedMeasurement type="numeric/double" name="Execution Time">
					<Value>2.39862</Value>
				</NamedMeasurement>
				<NamedMeasurement type="numeric/double" name="Processors">
					<Value>1</Value>
				</NamedMeasurement>
				<NamedMeasurement type="text/string" name="Completion Status">
					<Value>Completed</Value>
				</NamedMeasurement>
				<NamedMeasurement type="text/string" name="Command Line">
					<Value>/usr/bin/python3 "-u" "/opt/ros/dashing/share/ament_cmake_test/cmake/run_test.py" "/home/yan/camps_ws/build/realsense_camera_msgs/test_results/realsense_camera_msgs/cppcheck_rosidl_typesupport_fastrtps_c.xunit.xml" "--package-name" "realsense_camera_msgs" "--output-file" "/home/yan/camps_ws/build/realsense_camera_msgs/ament_cppcheck/cppcheck_rosidl_typesupport_fastrtps_c.txt" "--command" "/opt/ros/dashing/bin/ament_cppcheck" "--xunit-file" "/home/yan/camps_ws/build/realsense_camera_msgs/test_results/realsense_camera_msgs/cppcheck_rosidl_typesupport_fastrtps_c.xunit.xml" "/home/yan/camps_ws/build/realsense_camera_msgs/rosidl_typesupport_fastrtps_c/realsense_camera_msgs/msg/imu_info__rosidl_typesupport_fastrtps_c.h" "/home/yan/camps_ws/build/realsense_camera_msgs/rosidl_typesupport_fastrtps_c/realsense_camera_msgs/msg/imu_info__type_support_c.cpp" "/home/yan/camps_ws/build/realsense_camera_msgs/rosidl_typesupport_fastrtps_c/realsense_camera_msgs/msg/extrinsics__rosidl_typesupport_fastrtps_c.h" "/home/yan/camps_ws/build/realsense_camera_msgs/rosidl_typesupport_fastrtps_c/realsense_camera_msgs/msg/extrinsics__type_support_c.cpp"</Value>
				</NamedMeasurement>
				<Measurement>
					<Value>-- run_test.py: invoking following command in '/home/yan/camps_ws/src/ros2_intel_realsense/realsense_camera_msgs':
 - /opt/ros/dashing/bin/ament_cppcheck --xunit-file /home/yan/camps_ws/build/realsense_camera_msgs/test_results/realsense_camera_msgs/cppcheck_rosidl_typesupport_fastrtps_c.xunit.xml /home/yan/camps_ws/build/realsense_camera_msgs/rosidl_typesupport_fastrtps_c/realsense_camera_msgs/msg/imu_info__rosidl_typesupport_fastrtps_c.h /home/yan/camps_ws/build/realsense_camera_msgs/rosidl_typesupport_fastrtps_c/realsense_camera_msgs/msg/imu_info__type_support_c.cpp /home/yan/camps_ws/build/realsense_camera_msgs/rosidl_typesupport_fastrtps_c/realsense_camera_msgs/msg/extrinsics__rosidl_typesupport_fastrtps_c.h /home/yan/camps_ws/build/realsense_camera_msgs/rosidl_typesupport_fastrtps_c/realsense_camera_msgs/msg/extrinsics__type_support_c.cpp
No problems found
-- run_test.py: return code 0
-- run_test.py: verify result file '/home/yan/camps_ws/build/realsense_camera_msgs/test_results/realsense_camera_msgs/cppcheck_rosidl_typesupport_fastrtps_c.xunit.xml'
</Value>
				</Measurement>
			</Results>
			<Labels>
				<Label>cppcheck</Label>
				<Label>linter</Label>
			</Labels>
		</Test>
		<Test Status="passed">
			<Name>cpplint_rosidl_typesupport_fastrtps_c</Name>
			<Path>.</Path>
			<FullName>./cpplint_rosidl_typesupport_fastrtps_c</FullName>
			<FullCommandLine>/usr/bin/python3 "-u" "/opt/ros/dashing/share/ament_cmake_test/cmake/run_test.py" "/home/yan/camps_ws/build/realsense_camera_msgs/test_results/realsense_camera_msgs/cpplint_rosidl_typesupport_fastrtps_c.xunit.xml" "--package-name" "realsense_camera_msgs" "--output-file" "/home/yan/camps_ws/build/realsense_camera_msgs/ament_cpplint/cpplint_rosidl_typesupport_fastrtps_c.txt" "--command" "/opt/ros/dashing/bin/ament_cpplint" "--xunit-file" "/home/yan/camps_ws/build/realsense_camera_msgs/test_results/realsense_camera_msgs/cpplint_rosidl_typesupport_fastrtps_c.xunit.xml" "--linelength" "999" "--root" "/home/yan/camps_ws/build/realsense_camera_msgs/rosidl_typesupport_fastrtps_c" "/home/yan/camps_ws/build/realsense_camera_msgs/rosidl_typesupport_fastrtps_c/realsense_camera_msgs/msg/imu_info__rosidl_typesupport_fastrtps_c.h" "/home/yan/camps_ws/build/realsense_camera_msgs/rosidl_typesupport_fastrtps_c/realsense_camera_msgs/msg/imu_info__type_support_c.cpp" "/home/yan/camps_ws/build/realsense_camera_msgs/rosidl_typesupport_fastrtps_c/realsense_camera_msgs/msg/extrinsics__rosidl_typesupport_fastrtps_c.h" "/home/yan/camps_ws/build/realsense_camera_msgs/rosidl_typesupport_fastrtps_c/realsense_camera_msgs/msg/extrinsics__type_support_c.cpp"</FullCommandLine>
			<Results>
				<NamedMeasurement type="numeric/double" name="Execution Time">
					<Value>2.76531</Value>
				</NamedMeasurement>
				<NamedMeasurement type="numeric/double" name="Processors">
					<Value>1</Value>
				</NamedMeasurement>
				<NamedMeasurement type="text/string" name="Completion Status">
					<Value>Completed</Value>
				</NamedMeasurement>
				<NamedMeasurement type="text/string" name="Command Line">
					<Value>/usr/bin/python3 "-u" "/opt/ros/dashing/share/ament_cmake_test/cmake/run_test.py" "/home/yan/camps_ws/build/realsense_camera_msgs/test_results/realsense_camera_msgs/cpplint_rosidl_typesupport_fastrtps_c.xunit.xml" "--package-name" "realsense_camera_msgs" "--output-file" "/home/yan/camps_ws/build/realsense_camera_msgs/ament_cpplint/cpplint_rosidl_typesupport_fastrtps_c.txt" "--command" "/opt/ros/dashing/bin/ament_cpplint" "--xunit-file" "/home/yan/camps_ws/build/realsense_camera_msgs/test_results/realsense_camera_msgs/cpplint_rosidl_typesupport_fastrtps_c.xunit.xml" "--linelength" "999" "--root" "/home/yan/camps_ws/build/realsense_camera_msgs/rosidl_typesupport_fastrtps_c" "/home/yan/camps_ws/build/realsense_camera_msgs/rosidl_typesupport_fastrtps_c/realsense_camera_msgs/msg/imu_info__rosidl_typesupport_fastrtps_c.h" "/home/yan/camps_ws/build/realsense_camera_msgs/rosidl_typesupport_fastrtps_c/realsense_camera_msgs/msg/imu_info__type_support_c.cpp" "/home/yan/camps_ws/build/realsense_camera_msgs/rosidl_typesupport_fastrtps_c/realsense_camera_msgs/msg/extrinsics__rosidl_typesupport_fastrtps_c.h" "/home/yan/camps_ws/build/realsense_camera_msgs/rosidl_typesupport_fastrtps_c/realsense_camera_msgs/msg/extrinsics__type_support_c.cpp"</Value>
				</NamedMeasurement>
				<Measurement>
					<Value>-- run_test.py: invoking following command in '/home/yan/camps_ws/src/ros2_intel_realsense/realsense_camera_msgs':
 - /opt/ros/dashing/bin/ament_cpplint --xunit-file /home/yan/camps_ws/build/realsense_camera_msgs/test_results/realsense_camera_msgs/cpplint_rosidl_typesupport_fastrtps_c.xunit.xml --linelength 999 --root /home/yan/camps_ws/build/realsense_camera_msgs/rosidl_typesupport_fastrtps_c /home/yan/camps_ws/build/realsense_camera_msgs/rosidl_typesupport_fastrtps_c/realsense_camera_msgs/msg/imu_info__rosidl_typesupport_fastrtps_c.h /home/yan/camps_ws/build/realsense_camera_msgs/rosidl_typesupport_fastrtps_c/realsense_camera_msgs/msg/imu_info__type_support_c.cpp /home/yan/camps_ws/build/realsense_camera_msgs/rosidl_typesupport_fastrtps_c/realsense_camera_msgs/msg/extrinsics__rosidl_typesupport_fastrtps_c.h /home/yan/camps_ws/build/realsense_camera_msgs/rosidl_typesupport_fastrtps_c/realsense_camera_msgs/msg/extrinsics__type_support_c.cpp
Using '--root=/home/yan/camps_ws/build/realsense_camera_msgs/rosidl_typesupport_fastrtps_c' argument

Done processing /home/yan/camps_ws/build/realsense_camera_msgs/rosidl_typesupport_fastrtps_c/realsense_camera_msgs/msg/imu_info__rosidl_typesupport_fastrtps_c.h

Done processing /home/yan/camps_ws/build/realsense_camera_msgs/rosidl_typesupport_fastrtps_c/realsense_camera_msgs/msg/imu_info__type_support_c.cpp

Done processing /home/yan/camps_ws/build/realsense_camera_msgs/rosidl_typesupport_fastrtps_c/realsense_camera_msgs/msg/extrinsics__rosidl_typesupport_fastrtps_c.h

Done processing /home/yan/camps_ws/build/realsense_camera_msgs/rosidl_typesupport_fastrtps_c/realsense_camera_msgs/msg/extrinsics__type_support_c.cpp

No problems found
-- run_test.py: return code 0
-- run_test.py: verify result file '/home/yan/camps_ws/build/realsense_camera_msgs/test_results/realsense_camera_msgs/cpplint_rosidl_typesupport_fastrtps_c.xunit.xml'
</Value>
				</Measurement>
			</Results>
			<Labels>
				<Label>cpplint</Label>
				<Label>linter</Label>
			</Labels>
		</Test>
		<Test Status="passed">
			<Name>uncrustify_rosidl_typesupport_fastrtps_c</Name>
			<Path>.</Path>
			<FullName>./uncrustify_rosidl_typesupport_fastrtps_c</FullName>
			<FullCommandLine>/usr/bin/python3 "-u" "/opt/ros/dashing/share/ament_cmake_test/cmake/run_test.py" "/home/yan/camps_ws/build/realsense_camera_msgs/test_results/realsense_camera_msgs/uncrustify_rosidl_typesupport_fastrtps_c.xunit.xml" "--package-name" "realsense_camera_msgs" "--output-file" "/home/yan/camps_ws/build/realsense_camera_msgs/ament_uncrustify/uncrustify_rosidl_typesupport_fastrtps_c.txt" "--command" "/opt/ros/dashing/bin/ament_uncrustify" "--xunit-file" "/home/yan/camps_ws/build/realsense_camera_msgs/test_results/realsense_camera_msgs/uncrustify_rosidl_typesupport_fastrtps_c.xunit.xml" "--linelength" "0" "/home/yan/camps_ws/build/realsense_camera_msgs/rosidl_typesupport_fastrtps_c/realsense_camera_msgs/msg/imu_info__rosidl_typesupport_fastrtps_c.h" "/home/yan/camps_ws/build/realsense_camera_msgs/rosidl_typesupport_fastrtps_c/realsense_camera_msgs/msg/imu_info__type_support_c.cpp" "/home/yan/camps_ws/build/realsense_camera_msgs/rosidl_typesupport_fastrtps_c/realsense_camera_msgs/msg/extrinsics__rosidl_typesupport_fastrtps_c.h" "/home/yan/camps_ws/build/realsense_camera_msgs/rosidl_typesupport_fastrtps_c/realsense_camera_msgs/msg/extrinsics__type_support_c.cpp"</FullCommandLine>
			<Results>
				<NamedMeasurement type="numeric/double" name="Execution Time">
					<Value>2.61537</Value>
				</NamedMeasurement>
				<NamedMeasurement type="numeric/double" name="Processors">
					<Value>1</Value>
				</NamedMeasurement>
				<NamedMeasurement type="text/string" name="Completion Status">
					<Value>Completed</Value>
				</NamedMeasurement>
				<NamedMeasurement type="text/string" name="Command Line">
					<Value>/usr/bin/python3 "-u" "/opt/ros/dashing/share/ament_cmake_test/cmake/run_test.py" "/home/yan/camps_ws/build/realsense_camera_msgs/test_results/realsense_camera_msgs/uncrustify_rosidl_typesupport_fastrtps_c.xunit.xml" "--package-name" "realsense_camera_msgs" "--output-file" "/home/yan/camps_ws/build/realsense_camera_msgs/ament_uncrustify/uncrustify_rosidl_typesupport_fastrtps_c.txt" "--command" "/opt/ros/dashing/bin/ament_uncrustify" "--xunit-file" "/home/yan/camps_ws/build/realsense_camera_msgs/test_results/realsense_camera_msgs/uncrustify_rosidl_typesupport_fastrtps_c.xunit.xml" "--linelength" "0" "/home/yan/camps_ws/build/realsense_camera_msgs/rosidl_typesupport_fastrtps_c/realsense_camera_msgs/msg/imu_info__rosidl_typesupport_fastrtps_c.h" "/home/yan/camps_ws/build/realsense_camera_msgs/rosidl_typesupport_fastrtps_c/realsense_camera_msgs/msg/imu_info__type_support_c.cpp" "/home/yan/camps_ws/build/realsense_camera_msgs/rosidl_typesupport_fastrtps_c/realsense_camera_msgs/msg/extrinsics__rosidl_typesupport_fastrtps_c.h" "/home/yan/camps_ws/build/realsense_camera_msgs/rosidl_typesupport_fastrtps_c/realsense_camera_msgs/msg/extrinsics__type_support_c.cpp"</Value>
				</NamedMeasurement>
				<Measurement>
					<Value>-- run_test.py: invoking following command in '/home/yan/camps_ws/src/ros2_intel_realsense/realsense_camera_msgs':
 - /opt/ros/dashing/bin/ament_uncrustify --xunit-file /home/yan/camps_ws/build/realsense_camera_msgs/test_results/realsense_camera_msgs/uncrustify_rosidl_typesupport_fastrtps_c.xunit.xml --linelength 0 /home/yan/camps_ws/build/realsense_camera_msgs/rosidl_typesupport_fastrtps_c/realsense_camera_msgs/msg/imu_info__rosidl_typesupport_fastrtps_c.h /home/yan/camps_ws/build/realsense_camera_msgs/rosidl_typesupport_fastrtps_c/realsense_camera_msgs/msg/imu_info__type_support_c.cpp /home/yan/camps_ws/build/realsense_camera_msgs/rosidl_typesupport_fastrtps_c/realsense_camera_msgs/msg/extrinsics__rosidl_typesupport_fastrtps_c.h /home/yan/camps_ws/build/realsense_camera_msgs/rosidl_typesupport_fastrtps_c/realsense_camera_msgs/msg/extrinsics__type_support_c.cpp
No code style divergence in file '/home/yan/camps_ws/build/realsense_camera_msgs/rosidl_typesupport_fastrtps_c/realsense_camera_msgs/msg/imu_info__rosidl_typesupport_fastrtps_c.h'

No code style divergence in file '/home/yan/camps_ws/build/realsense_camera_msgs/rosidl_typesupport_fastrtps_c/realsense_camera_msgs/msg/imu_info__type_support_c.cpp'

No code style divergence in file '/home/yan/camps_ws/build/realsense_camera_msgs/rosidl_typesupport_fastrtps_c/realsense_camera_msgs/msg/extrinsics__rosidl_typesupport_fastrtps_c.h'

No code style divergence in file '/home/yan/camps_ws/build/realsense_camera_msgs/rosidl_typesupport_fastrtps_c/realsense_camera_msgs/msg/extrinsics__type_support_c.cpp'

No problems found
-- run_test.py: return code 0
-- run_test.py: verify result file '/home/yan/camps_ws/build/realsense_camera_msgs/test_results/realsense_camera_msgs/uncrustify_rosidl_typesupport_fastrtps_c.xunit.xml'
</Value>
				</Measurement>
			</Results>
			<Labels>
				<Label>linter</Label>
				<Label>uncrustify</Label>
			</Labels>
		</Test>
		<Test Status="passed">
			<Name>cppcheck_rosidl_generated_c</Name>
			<Path>.</Path>
			<FullName>./cppcheck_rosidl_generated_c</FullName>
			<FullCommandLine>/usr/bin/python3 "-u" "/opt/ros/dashing/share/ament_cmake_test/cmake/run_test.py" "/home/yan/camps_ws/build/realsense_camera_msgs/test_results/realsense_camera_msgs/cppcheck_rosidl_generated_c.xunit.xml" "--package-name" "realsense_camera_msgs" "--output-file" "/home/yan/camps_ws/build/realsense_camera_msgs/ament_cppcheck/cppcheck_rosidl_generated_c.txt" "--command" "/opt/ros/dashing/bin/ament_cppcheck" "--xunit-file" "/home/yan/camps_ws/build/realsense_camera_msgs/test_results/realsense_camera_msgs/cppcheck_rosidl_generated_c.xunit.xml" "/home/yan/camps_ws/build/realsense_camera_msgs/rosidl_generator_c/realsense_camera_msgs"</FullCommandLine>
			<Results>
				<NamedMeasurement type="numeric/double" name="Execution Time">
					<Value>1.94951</Value>
				</NamedMeasurement>
				<NamedMeasurement type="numeric/double" name="Processors">
					<Value>1</Value>
				</NamedMeasurement>
				<NamedMeasurement type="text/string" name="Completion Status">
					<Value>Completed</Value>
				</NamedMeasurement>
				<NamedMeasurement type="text/string" name="Command Line">
					<Value>/usr/bin/python3 "-u" "/opt/ros/dashing/share/ament_cmake_test/cmake/run_test.py" "/home/yan/camps_ws/build/realsense_camera_msgs/test_results/realsense_camera_msgs/cppcheck_rosidl_generated_c.xunit.xml" "--package-name" "realsense_camera_msgs" "--output-file" "/home/yan/camps_ws/build/realsense_camera_msgs/ament_cppcheck/cppcheck_rosidl_generated_c.txt" "--command" "/opt/ros/dashing/bin/ament_cppcheck" "--xunit-file" "/home/yan/camps_ws/build/realsense_camera_msgs/test_results/realsense_camera_msgs/cppcheck_rosidl_generated_c.xunit.xml" "/home/yan/camps_ws/build/realsense_camera_msgs/rosidl_generator_c/realsense_camera_msgs"</Value>
				</NamedMeasurement>
				<Measurement>
					<Value>-- run_test.py: invoking following command in '/home/yan/camps_ws/src/ros2_intel_realsense/realsense_camera_msgs':
 - /opt/ros/dashing/bin/ament_cppcheck --xunit-file /home/yan/camps_ws/build/realsense_camera_msgs/test_results/realsense_camera_msgs/cppcheck_rosidl_generated_c.xunit.xml /home/yan/camps_ws/build/realsense_camera_msgs/rosidl_generator_c/realsense_camera_msgs
No problems found
-- run_test.py: return code 0
-- run_test.py: verify result file '/home/yan/camps_ws/build/realsense_camera_msgs/test_results/realsense_camera_msgs/cppcheck_rosidl_generated_c.xunit.xml'
</Value>
				</Measurement>
			</Results>
			<Labels>
				<Label>cppcheck</Label>
				<Label>linter</Label>
			</Labels>
		</Test>
		<Test Status="passed">
			<Name>cpplint_rosidl_generated_c</Name>
			<Path>.</Path>
			<FullName>./cpplint_rosidl_generated_c</FullName>
			<FullCommandLine>/usr/bin/python3 "-u" "/opt/ros/dashing/share/ament_cmake_test/cmake/run_test.py" "/home/yan/camps_ws/build/realsense_camera_msgs/test_results/realsense_camera_msgs/cpplint_rosidl_generated_c.xunit.xml" "--package-name" "realsense_camera_msgs" "--output-file" "/home/yan/camps_ws/build/realsense_camera_msgs/ament_cpplint/cpplint_rosidl_generated_c.txt" "--command" "/opt/ros/dashing/bin/ament_cpplint" "--xunit-file" "/home/yan/camps_ws/build/realsense_camera_msgs/test_results/realsense_camera_msgs/cpplint_rosidl_generated_c.xunit.xml" "--linelength" "999" "--root" "/home/yan/camps_ws/build/realsense_camera_msgs/rosidl_generator_c" "/home/yan/camps_ws/build/realsense_camera_msgs/rosidl_generator_c/realsense_camera_msgs"</FullCommandLine>
			<Results>
				<NamedMeasurement type="numeric/double" name="Execution Time">
					<Value>3.36666</Value>
				</NamedMeasurement>
				<NamedMeasurement type="numeric/double" name="Processors">
					<Value>1</Value>
				</NamedMeasurement>
				<NamedMeasurement type="text/string" name="Completion Status">
					<Value>Completed</Value>
				</NamedMeasurement>
				<NamedMeasurement type="text/string" name="Command Line">
					<Value>/usr/bin/python3 "-u" "/opt/ros/dashing/share/ament_cmake_test/cmake/run_test.py" "/home/yan/camps_ws/build/realsense_camera_msgs/test_results/realsense_camera_msgs/cpplint_rosidl_generated_c.xunit.xml" "--package-name" "realsense_camera_msgs" "--output-file" "/home/yan/camps_ws/build/realsense_camera_msgs/ament_cpplint/cpplint_rosidl_generated_c.txt" "--command" "/opt/ros/dashing/bin/ament_cpplint" "--xunit-file" "/home/yan/camps_ws/build/realsense_camera_msgs/test_results/realsense_camera_msgs/cpplint_rosidl_generated_c.xunit.xml" "--linelength" "999" "--root" "/home/yan/camps_ws/build/realsense_camera_msgs/rosidl_generator_c" "/home/yan/camps_ws/build/realsense_camera_msgs/rosidl_generator_c/realsense_camera_msgs"</Value>
				</NamedMeasurement>
				<Measurement>
					<Value>-- run_test.py: invoking following command in '/home/yan/camps_ws/src/ros2_intel_realsense/realsense_camera_msgs':
 - /opt/ros/dashing/bin/ament_cpplint --xunit-file /home/yan/camps_ws/build/realsense_camera_msgs/test_results/realsense_camera_msgs/cpplint_rosidl_generated_c.xunit.xml --linelength 999 --root /home/yan/camps_ws/build/realsense_camera_msgs/rosidl_generator_c /home/yan/camps_ws/build/realsense_camera_msgs/rosidl_generator_c/realsense_camera_msgs
Using '--root=/home/yan/camps_ws/build/realsense_camera_msgs/rosidl_generator_c' argument

Done processing /home/yan/camps_ws/build/realsense_camera_msgs/rosidl_generator_c/realsense_camera_msgs/msg/extrinsics.h

Done processing /home/yan/camps_ws/build/realsense_camera_msgs/rosidl_generator_c/realsense_camera_msgs/msg/extrinsics__functions.c

Done processing /home/yan/camps_ws/build/realsense_camera_msgs/rosidl_generator_c/realsense_camera_msgs/msg/extrinsics__functions.h

Done processing /home/yan/camps_ws/build/realsense_camera_msgs/rosidl_generator_c/realsense_camera_msgs/msg/extrinsics__struct.h

Done processing /home/yan/camps_ws/build/realsense_camera_msgs/rosidl_generator_c/realsense_camera_msgs/msg/extrinsics__type_support.h

Done processing /home/yan/camps_ws/build/realsense_camera_msgs/rosidl_generator_c/realsense_camera_msgs/msg/imu_info.h

Done processing /home/yan/camps_ws/build/realsense_camera_msgs/rosidl_generator_c/realsense_camera_msgs/msg/imu_info__functions.c

Done processing /home/yan/camps_ws/build/realsense_camera_msgs/rosidl_generator_c/realsense_camera_msgs/msg/imu_info__functions.h

Done processing /home/yan/camps_ws/build/realsense_camera_msgs/rosidl_generator_c/realsense_camera_msgs/msg/imu_info__struct.h

Done processing /home/yan/camps_ws/build/realsense_camera_msgs/rosidl_generator_c/realsense_camera_msgs/msg/imu_info__type_support.h

Done processing /home/yan/camps_ws/build/realsense_camera_msgs/rosidl_generator_c/realsense_camera_msgs/msg/rosidl_generator_c__visibility_control.h

No problems found
-- run_test.py: return code 0
-- run_test.py: verify result file '/home/yan/camps_ws/build/realsense_camera_msgs/test_results/realsense_camera_msgs/cpplint_rosidl_generated_c.xunit.xml'
</Value>
				</Measurement>
			</Results>
			<Labels>
				<Label>cpplint</Label>
				<Label>linter</Label>
			</Labels>
		</Test>
		<Test Status="passed">
			<Name>uncrustify_rosidl_generated_c</Name>
			<Path>.</Path>
			<FullName>./uncrustify_rosidl_generated_c</FullName>
			<FullCommandLine>/usr/bin/python3 "-u" "/opt/ros/dashing/share/ament_cmake_test/cmake/run_test.py" "/home/yan/camps_ws/build/realsense_camera_msgs/test_results/realsense_camera_msgs/uncrustify_rosidl_generated_c.xunit.xml" "--package-name" "realsense_camera_msgs" "--output-file" "/home/yan/camps_ws/build/realsense_camera_msgs/ament_uncrustify/uncrustify_rosidl_generated_c.txt" "--command" "/opt/ros/dashing/bin/ament_uncrustify" "--xunit-file" "/home/yan/camps_ws/build/realsense_camera_msgs/test_results/realsense_camera_msgs/uncrustify_rosidl_generated_c.xunit.xml" "--linelength" "0" "/home/yan/camps_ws/build/realsense_camera_msgs/rosidl_generator_c/realsense_camera_msgs"</FullCommandLine>
			<Results>
				<NamedMeasurement type="numeric/double" name="Execution Time">
					<Value>2.33569</Value>
				</NamedMeasurement>
				<NamedMeasurement type="numeric/double" name="Processors">
					<Value>1</Value>
				</NamedMeasurement>
				<NamedMeasurement type="text/string" name="Completion Status">
					<Value>Completed</Value>
				</NamedMeasurement>
				<NamedMeasurement type="text/string" name="Command Line">
					<Value>/usr/bin/python3 "-u" "/opt/ros/dashing/share/ament_cmake_test/cmake/run_test.py" "/home/yan/camps_ws/build/realsense_camera_msgs/test_results/realsense_camera_msgs/uncrustify_rosidl_generated_c.xunit.xml" "--package-name" "realsense_camera_msgs" "--output-file" "/home/yan/camps_ws/build/realsense_camera_msgs/ament_uncrustify/uncrustify_rosidl_generated_c.txt" "--command" "/opt/ros/dashing/bin/ament_uncrustify" "--xunit-file" "/home/yan/camps_ws/build/realsense_camera_msgs/test_results/realsense_camera_msgs/uncrustify_rosidl_generated_c.xunit.xml" "--linelength" "0" "/home/yan/camps_ws/build/realsense_camera_msgs/rosidl_generator_c/realsense_camera_msgs"</Value>
				</NamedMeasurement>
				<Measurement>
					<Value>-- run_test.py: invoking following command in '/home/yan/camps_ws/src/ros2_intel_realsense/realsense_camera_msgs':
 - /opt/ros/dashing/bin/ament_uncrustify --xunit-file /home/yan/camps_ws/build/realsense_camera_msgs/test_results/realsense_camera_msgs/uncrustify_rosidl_generated_c.xunit.xml --linelength 0 /home/yan/camps_ws/build/realsense_camera_msgs/rosidl_generator_c/realsense_camera_msgs
No code style divergence in file '/home/yan/camps_ws/build/realsense_camera_msgs/rosidl_generator_c/realsense_camera_msgs/msg/extrinsics.h'

No code style divergence in file '/home/yan/camps_ws/build/realsense_camera_msgs/rosidl_generator_c/realsense_camera_msgs/msg/extrinsics__functions.c'

No code style divergence in file '/home/yan/camps_ws/build/realsense_camera_msgs/rosidl_generator_c/realsense_camera_msgs/msg/extrinsics__functions.h'

No code style divergence in file '/home/yan/camps_ws/build/realsense_camera_msgs/rosidl_generator_c/realsense_camera_msgs/msg/extrinsics__struct.h'

No code style divergence in file '/home/yan/camps_ws/build/realsense_camera_msgs/rosidl_generator_c/realsense_camera_msgs/msg/extrinsics__type_support.h'

No code style divergence in file '/home/yan/camps_ws/build/realsense_camera_msgs/rosidl_generator_c/realsense_camera_msgs/msg/imu_info.h'

No code style divergence in file '/home/yan/camps_ws/build/realsense_camera_msgs/rosidl_generator_c/realsense_camera_msgs/msg/imu_info__functions.c'

No code style divergence in file '/home/yan/camps_ws/build/realsense_camera_msgs/rosidl_generator_c/realsense_camera_msgs/msg/imu_info__functions.h'

No code style divergence in file '/home/yan/camps_ws/build/realsense_camera_msgs/rosidl_generator_c/realsense_camera_msgs/msg/imu_info__struct.h'

No code style divergence in file '/home/yan/camps_ws/build/realsense_camera_msgs/rosidl_generator_c/realsense_camera_msgs/msg/imu_info__type_support.h'

No code style divergence in file '/home/yan/camps_ws/build/realsense_camera_msgs/rosidl_generator_c/realsense_camera_msgs/msg/rosidl_generator_c__visibility_control.h'

No problems found
-- run_test.py: return code 0
-- run_test.py: verify result file '/home/yan/camps_ws/build/realsense_camera_msgs/test_results/realsense_camera_msgs/uncrustify_rosidl_generated_c.xunit.xml'
</Value>
				</Measurement>
			</Results>
			<Labels>
				<Label>linter</Label>
				<Label>uncrustify</Label>
			</Labels>
		</Test>
		<Test Status="passed">
			<Name>cppcheck_rosidl_typesupport_fastrtps_cpp</Name>
			<Path>.</Path>
			<FullName>./cppcheck_rosidl_typesupport_fastrtps_cpp</FullName>
			<FullCommandLine>/usr/bin/python3 "-u" "/opt/ros/dashing/share/ament_cmake_test/cmake/run_test.py" "/home/yan/camps_ws/build/realsense_camera_msgs/test_results/realsense_camera_msgs/cppcheck_rosidl_typesupport_fastrtps_cpp.xunit.xml" "--package-name" "realsense_camera_msgs" "--output-file" "/home/yan/camps_ws/build/realsense_camera_msgs/ament_cppcheck/cppcheck_rosidl_typesupport_fastrtps_cpp.txt" "--command" "/opt/ros/dashing/bin/ament_cppcheck" "--xunit-file" "/home/yan/camps_ws/build/realsense_camera_msgs/test_results/realsense_camera_msgs/cppcheck_rosidl_typesupport_fastrtps_cpp.xunit.xml" "/home/yan/camps_ws/build/realsense_camera_msgs/rosidl_typesupport_fastrtps_cpp/realsense_camera_msgs/msg/dds_fastrtps/imu_info__type_support.cpp" "/home/yan/camps_ws/build/realsense_camera_msgs/rosidl_typesupport_fastrtps_cpp/realsense_camera_msgs/msg/imu_info__rosidl_typesupport_fastrtps_cpp.hpp" "/home/yan/camps_ws/build/realsense_camera_msgs/rosidl_typesupport_fastrtps_cpp/realsense_camera_msgs/msg/dds_fastrtps/extrinsics__type_support.cpp" "/home/yan/camps_ws/build/realsense_camera_msgs/rosidl_typesupport_fastrtps_cpp/realsense_camera_msgs/msg/extrinsics__rosidl_typesupport_fastrtps_cpp.hpp"</FullCommandLine>
			<Results>
				<NamedMeasurement type="numeric/double" name="Execution Time">
					<Value>2.2312</Value>
				</NamedMeasurement>
				<NamedMeasurement type="numeric/double" name="Processors">
					<Value>1</Value>
				</NamedMeasurement>
				<NamedMeasurement type="text/string" name="Completion Status">
					<Value>Completed</Value>
				</NamedMeasurement>
				<NamedMeasurement type="text/string" name="Command Line">
					<Value>/usr/bin/python3 "-u" "/opt/ros/dashing/share/ament_cmake_test/cmake/run_test.py" "/home/yan/camps_ws/build/realsense_camera_msgs/test_results/realsense_camera_msgs/cppcheck_rosidl_typesupport_fastrtps_cpp.xunit.xml" "--package-name" "realsense_camera_msgs" "--output-file" "/home/yan/camps_ws/build/realsense_camera_msgs/ament_cppcheck/cppcheck_rosidl_typesupport_fastrtps_cpp.txt" "--command" "/opt/ros/dashing/bin/ament_cppcheck" "--xunit-file" "/home/yan/camps_ws/build/realsense_camera_msgs/test_results/realsense_camera_msgs/cppcheck_rosidl_typesupport_fastrtps_cpp.xunit.xml" "/home/yan/camps_ws/build/realsense_camera_msgs/rosidl_typesupport_fastrtps_cpp/realsense_camera_msgs/msg/dds_fastrtps/imu_info__type_support.cpp" "/home/yan/camps_ws/build/realsense_camera_msgs/rosidl_typesupport_fastrtps_cpp/realsense_camera_msgs/msg/imu_info__rosidl_typesupport_fastrtps_cpp.hpp" "/home/yan/camps_ws/build/realsense_camera_msgs/rosidl_typesupport_fastrtps_cpp/realsense_camera_msgs/msg/dds_fastrtps/extrinsics__type_support.cpp" "/home/yan/camps_ws/build/realsense_camera_msgs/rosidl_typesupport_fastrtps_cpp/realsense_camera_msgs/msg/extrinsics__rosidl_typesupport_fastrtps_cpp.hpp"</Value>
				</NamedMeasurement>
				<Measurement>
					<Value>-- run_test.py: invoking following command in '/home/yan/camps_ws/src/ros2_intel_realsense/realsense_camera_msgs':
 - /opt/ros/dashing/bin/ament_cppcheck --xunit-file /home/yan/camps_ws/build/realsense_camera_msgs/test_results/realsense_camera_msgs/cppcheck_rosidl_typesupport_fastrtps_cpp.xunit.xml /home/yan/camps_ws/build/realsense_camera_msgs/rosidl_typesupport_fastrtps_cpp/realsense_camera_msgs/msg/dds_fastrtps/imu_info__type_support.cpp /home/yan/camps_ws/build/realsense_camera_msgs/rosidl_typesupport_fastrtps_cpp/realsense_camera_msgs/msg/imu_info__rosidl_typesupport_fastrtps_cpp.hpp /home/yan/camps_ws/build/realsense_camera_msgs/rosidl_typesupport_fastrtps_cpp/realsense_camera_msgs/msg/dds_fastrtps/extrinsics__type_support.cpp /home/yan/camps_ws/build/realsense_camera_msgs/rosidl_typesupport_fastrtps_cpp/realsense_camera_msgs/msg/extrinsics__rosidl_typesupport_fastrtps_cpp.hpp
No problems found
-- run_test.py: return code 0
-- run_test.py: verify result file '/home/yan/camps_ws/build/realsense_camera_msgs/test_results/realsense_camera_msgs/cppcheck_rosidl_typesupport_fastrtps_cpp.xunit.xml'
</Value>
				</Measurement>
			</Results>
			<Labels>
				<Label>cppcheck</Label>
				<Label>linter</Label>
			</Labels>
		</Test>
		<Test Status="passed">
			<Name>cpplint_rosidl_typesupport_fastrtps_cpp</Name>
			<Path>.</Path>
			<FullName>./cpplint_rosidl_typesupport_fastrtps_cpp</FullName>
			<FullCommandLine>/usr/bin/python3 "-u" "/opt/ros/dashing/share/ament_cmake_test/cmake/run_test.py" "/home/yan/camps_ws/build/realsense_camera_msgs/test_results/realsense_camera_msgs/cpplint_rosidl_typesupport_fastrtps_cpp.xunit.xml" "--package-name" "realsense_camera_msgs" "--output-file" "/home/yan/camps_ws/build/realsense_camera_msgs/ament_cpplint/cpplint_rosidl_typesupport_fastrtps_cpp.txt" "--command" "/opt/ros/dashing/bin/ament_cpplint" "--xunit-file" "/home/yan/camps_ws/build/realsense_camera_msgs/test_results/realsense_camera_msgs/cpplint_rosidl_typesupport_fastrtps_cpp.xunit.xml" "--linelength" "999" "--root" "/home/yan/camps_ws/build/realsense_camera_msgs/rosidl_typesupport_fastrtps_cpp" "/home/yan/camps_ws/build/realsense_camera_msgs/rosidl_typesupport_fastrtps_cpp/realsense_camera_msgs/msg/dds_fastrtps/imu_info__type_support.cpp" "/home/yan/camps_ws/build/realsense_camera_msgs/rosidl_typesupport_fastrtps_cpp/realsense_camera_msgs/msg/imu_info__rosidl_typesupport_fastrtps_cpp.hpp" "/home/yan/camps_ws/build/realsense_camera_msgs/rosidl_typesupport_fastrtps_cpp/realsense_camera_msgs/msg/dds_fastrtps/extrinsics__type_support.cpp" "/home/yan/camps_ws/build/realsense_camera_msgs/rosidl_typesupport_fastrtps_cpp/realsense_camera_msgs/msg/extrinsics__rosidl_typesupport_fastrtps_cpp.hpp"</FullCommandLine>
			<Results>
				<NamedMeasurement type="numeric/double" name="Execution Time">
					<Value>2.97444</Value>
				</NamedMeasurement>
				<NamedMeasurement type="numeric/double" name="Processors">
					<Value>1</Value>
				</NamedMeasurement>
				<NamedMeasurement type="text/string" name="Completion Status">
					<Value>Completed</Value>
				</NamedMeasurement>
				<NamedMeasurement type="text/string" name="Command Line">
					<Value>/usr/bin/python3 "-u" "/opt/ros/dashing/share/ament_cmake_test/cmake/run_test.py" "/home/yan/camps_ws/build/realsense_camera_msgs/test_results/realsense_camera_msgs/cpplint_rosidl_typesupport_fastrtps_cpp.xunit.xml" "--package-name" "realsense_camera_msgs" "--output-file" "/home/yan/camps_ws/build/realsense_camera_msgs/ament_cpplint/cpplint_rosidl_typesupport_fastrtps_cpp.txt" "--command" "/opt/ros/dashing/bin/ament_cpplint" "--xunit-file" "/home/yan/camps_ws/build/realsense_camera_msgs/test_results/realsense_camera_msgs/cpplint_rosidl_typesupport_fastrtps_cpp.xunit.xml" "--linelength" "999" "--root" "/home/yan/camps_ws/build/realsense_camera_msgs/rosidl_typesupport_fastrtps_cpp" "/home/yan/camps_ws/build/realsense_camera_msgs/rosidl_typesupport_fastrtps_cpp/realsense_camera_msgs/msg/dds_fastrtps/imu_info__type_support.cpp" "/home/yan/camps_ws/build/realsense_camera_msgs/rosidl_typesupport_fastrtps_cpp/realsense_camera_msgs/msg/imu_info__rosidl_typesupport_fastrtps_cpp.hpp" "/home/yan/camps_ws/build/realsense_camera_msgs/rosidl_typesupport_fastrtps_cpp/realsense_camera_msgs/msg/dds_fastrtps/extrinsics__type_support.cpp" "/home/yan/camps_ws/build/realsense_camera_msgs/rosidl_typesupport_fastrtps_cpp/realsense_camera_msgs/msg/extrinsics__rosidl_typesupport_fastrtps_cpp.hpp"</Value>
				</NamedMeasurement>
				<Measurement>
					<Value>-- run_test.py: invoking following command in '/home/yan/camps_ws/src/ros2_intel_realsense/realsense_camera_msgs':
 - /opt/ros/dashing/bin/ament_cpplint --xunit-file /home/yan/camps_ws/build/realsense_camera_msgs/test_results/realsense_camera_msgs/cpplint_rosidl_typesupport_fastrtps_cpp.xunit.xml --linelength 999 --root /home/yan/camps_ws/build/realsense_camera_msgs/rosidl_typesupport_fastrtps_cpp /home/yan/camps_ws/build/realsense_camera_msgs/rosidl_typesupport_fastrtps_cpp/realsense_camera_msgs/msg/dds_fastrtps/imu_info__type_support.cpp /home/yan/camps_ws/build/realsense_camera_msgs/rosidl_typesupport_fastrtps_cpp/realsense_camera_msgs/msg/imu_info__rosidl_typesupport_fastrtps_cpp.hpp /home/yan/camps_ws/build/realsense_camera_msgs/rosidl_typesupport_fastrtps_cpp/realsense_camera_msgs/msg/dds_fastrtps/extrinsics__type_support.cpp /home/yan/camps_ws/build/realsense_camera_msgs/rosidl_typesupport_fastrtps_cpp/realsense_camera_msgs/msg/extrinsics__rosidl_typesupport_fastrtps_cpp.hpp
Using '--root=/home/yan/camps_ws/build/realsense_camera_msgs/rosidl_typesupport_fastrtps_cpp' argument

Done processing /home/yan/camps_ws/build/realsense_camera_msgs/rosidl_typesupport_fastrtps_cpp/realsense_camera_msgs/msg/dds_fastrtps/imu_info__type_support.cpp

Done processing /home/yan/camps_ws/build/realsense_camera_msgs/rosidl_typesupport_fastrtps_cpp/realsense_camera_msgs/msg/imu_info__rosidl_typesupport_fastrtps_cpp.hpp

Done processing /home/yan/camps_ws/build/realsense_camera_msgs/rosidl_typesupport_fastrtps_cpp/realsense_camera_msgs/msg/dds_fastrtps/extrinsics__type_support.cpp

Done processing /home/yan/camps_ws/build/realsense_camera_msgs/rosidl_typesupport_fastrtps_cpp/realsense_camera_msgs/msg/extrinsics__rosidl_typesupport_fastrtps_cpp.hpp

No problems found
-- run_test.py: return code 0
-- run_test.py: verify result file '/home/yan/camps_ws/build/realsense_camera_msgs/test_results/realsense_camera_msgs/cpplint_rosidl_typesupport_fastrtps_cpp.xunit.xml'
</Value>
				</Measurement>
			</Results>
			<Labels>
				<Label>cpplint</Label>
				<Label>linter</Label>
			</Labels>
		</Test>
		<Test Status="passed">
			<Name>uncrustify_rosidl_typesupport_fastrtps_cpp</Name>
			<Path>.</Path>
			<FullName>./uncrustify_rosidl_typesupport_fastrtps_cpp</FullName>
			<FullCommandLine>/usr/bin/python3 "-u" "/opt/ros/dashing/share/ament_cmake_test/cmake/run_test.py" "/home/yan/camps_ws/build/realsense_camera_msgs/test_results/realsense_camera_msgs/uncrustify_rosidl_typesupport_fastrtps_cpp.xunit.xml" "--package-name" "realsense_camera_msgs" "--output-file" "/home/yan/camps_ws/build/realsense_camera_msgs/ament_uncrustify/uncrustify_rosidl_typesupport_fastrtps_cpp.txt" "--command" "/opt/ros/dashing/bin/ament_uncrustify" "--xunit-file" "/home/yan/camps_ws/build/realsense_camera_msgs/test_results/realsense_camera_msgs/uncrustify_rosidl_typesupport_fastrtps_cpp.xunit.xml" "--linelength" "0" "/home/yan/camps_ws/build/realsense_camera_msgs/rosidl_typesupport_fastrtps_cpp/realsense_camera_msgs/msg/dds_fastrtps/imu_info__type_support.cpp" "/home/yan/camps_ws/build/realsense_camera_msgs/rosidl_typesupport_fastrtps_cpp/realsense_camera_msgs/msg/imu_info__rosidl_typesupport_fastrtps_cpp.hpp" "/home/yan/camps_ws/build/realsense_camera_msgs/rosidl_typesupport_fastrtps_cpp/realsense_camera_msgs/msg/dds_fastrtps/extrinsics__type_support.cpp" "/home/yan/camps_ws/build/realsense_camera_msgs/rosidl_typesupport_fastrtps_cpp/realsense_camera_msgs/msg/extrinsics__rosidl_typesupport_fastrtps_cpp.hpp"</FullCommandLine>
			<Results>
				<NamedMeasurement type="numeric/double" name="Execution Time">
					<Value>2.25509</Value>
				</NamedMeasurement>
				<NamedMeasurement type="numeric/double" name="Processors">
					<Value>1</Value>
				</NamedMeasurement>
				<NamedMeasurement type="text/string" name="Completion Status">
					<Value>Completed</Value>
				</NamedMeasurement>
				<NamedMeasurement type="text/string" name="Command Line">
					<Value>/usr/bin/python3 "-u" "/opt/ros/dashing/share/ament_cmake_test/cmake/run_test.py" "/home/yan/camps_ws/build/realsense_camera_msgs/test_results/realsense_camera_msgs/uncrustify_rosidl_typesupport_fastrtps_cpp.xunit.xml" "--package-name" "realsense_camera_msgs" "--output-file" "/home/yan/camps_ws/build/realsense_camera_msgs/ament_uncrustify/uncrustify_rosidl_typesupport_fastrtps_cpp.txt" "--command" "/opt/ros/dashing/bin/ament_uncrustify" "--xunit-file" "/home/yan/camps_ws/build/realsense_camera_msgs/test_results/realsense_camera_msgs/uncrustify_rosidl_typesupport_fastrtps_cpp.xunit.xml" "--linelength" "0" "/home/yan/camps_ws/build/realsense_camera_msgs/rosidl_typesupport_fastrtps_cpp/realsense_camera_msgs/msg/dds_fastrtps/imu_info__type_support.cpp" "/home/yan/camps_ws/build/realsense_camera_msgs/rosidl_typesupport_fastrtps_cpp/realsense_camera_msgs/msg/imu_info__rosidl_typesupport_fastrtps_cpp.hpp" "/home/yan/camps_ws/build/realsense_camera_msgs/rosidl_typesupport_fastrtps_cpp/realsense_camera_msgs/msg/dds_fastrtps/extrinsics__type_support.cpp" "/home/yan/camps_ws/build/realsense_camera_msgs/rosidl_typesupport_fastrtps_cpp/realsense_camera_msgs/msg/extrinsics__rosidl_typesupport_fastrtps_cpp.hpp"</Value>
				</NamedMeasurement>
				<Measurement>
					<Value>-- run_test.py: invoking following command in '/home/yan/camps_ws/src/ros2_intel_realsense/realsense_camera_msgs':
 - /opt/ros/dashing/bin/ament_uncrustify --xunit-file /home/yan/camps_ws/build/realsense_camera_msgs/test_results/realsense_camera_msgs/uncrustify_rosidl_typesupport_fastrtps_cpp.xunit.xml --linelength 0 /home/yan/camps_ws/build/realsense_camera_msgs/rosidl_typesupport_fastrtps_cpp/realsense_camera_msgs/msg/dds_fastrtps/imu_info__type_support.cpp /home/yan/camps_ws/build/realsense_camera_msgs/rosidl_typesupport_fastrtps_cpp/realsense_camera_msgs/msg/imu_info__rosidl_typesupport_fastrtps_cpp.hpp /home/yan/camps_ws/build/realsense_camera_msgs/rosidl_typesupport_fastrtps_cpp/realsense_camera_msgs/msg/dds_fastrtps/extrinsics__type_support.cpp /home/yan/camps_ws/build/realsense_camera_msgs/rosidl_typesupport_fastrtps_cpp/realsense_camera_msgs/msg/extrinsics__rosidl_typesupport_fastrtps_cpp.hpp
No code style divergence in file '/home/yan/camps_ws/build/realsense_camera_msgs/rosidl_typesupport_fastrtps_cpp/realsense_camera_msgs/msg/dds_fastrtps/imu_info__type_support.cpp'

No code style divergence in file '/home/yan/camps_ws/build/realsense_camera_msgs/rosidl_typesupport_fastrtps_cpp/realsense_camera_msgs/msg/imu_info__rosidl_typesupport_fastrtps_cpp.hpp'

No code style divergence in file '/home/yan/camps_ws/build/realsense_camera_msgs/rosidl_typesupport_fastrtps_cpp/realsense_camera_msgs/msg/dds_fastrtps/extrinsics__type_support.cpp'

No code style divergence in file '/home/yan/camps_ws/build/realsense_camera_msgs/rosidl_typesupport_fastrtps_cpp/realsense_camera_msgs/msg/extrinsics__rosidl_typesupport_fastrtps_cpp.hpp'

No problems found
-- run_test.py: return code 0
-- run_test.py: verify result file '/home/yan/camps_ws/build/realsense_camera_msgs/test_results/realsense_camera_msgs/uncrustify_rosidl_typesupport_fastrtps_cpp.xunit.xml'
</Value>
				</Measurement>
			</Results>
			<Labels>
				<Label>linter</Label>
				<Label>uncrustify</Label>
			</Labels>
		</Test>
		<Test Status="passed">
			<Name>cppcheck_rosidl_generated_cpp</Name>
			<Path>.</Path>
			<FullName>./cppcheck_rosidl_generated_cpp</FullName>
			<FullCommandLine>/usr/bin/python3 "-u" "/opt/ros/dashing/share/ament_cmake_test/cmake/run_test.py" "/home/yan/camps_ws/build/realsense_camera_msgs/test_results/realsense_camera_msgs/cppcheck_rosidl_generated_cpp.xunit.xml" "--package-name" "realsense_camera_msgs" "--output-file" "/home/yan/camps_ws/build/realsense_camera_msgs/ament_cppcheck/cppcheck_rosidl_generated_cpp.txt" "--command" "/opt/ros/dashing/bin/ament_cppcheck" "--xunit-file" "/home/yan/camps_ws/build/realsense_camera_msgs/test_results/realsense_camera_msgs/cppcheck_rosidl_generated_cpp.xunit.xml" "/home/yan/camps_ws/build/realsense_camera_msgs/rosidl_generator_cpp/realsense_camera_msgs"</FullCommandLine>
			<Results>
				<NamedMeasurement type="numeric/double" name="Execution Time">
					<Value>2.25956</Value>
				</NamedMeasurement>
				<NamedMeasurement type="numeric/double" name="Processors">
					<Value>1</Value>
				</NamedMeasurement>
				<NamedMeasurement type="text/string" name="Completion Status">
					<Value>Completed</Value>
				</NamedMeasurement>
				<NamedMeasurement type="text/string" name="Command Line">
					<Value>/usr/bin/python3 "-u" "/opt/ros/dashing/share/ament_cmake_test/cmake/run_test.py" "/home/yan/camps_ws/build/realsense_camera_msgs/test_results/realsense_camera_msgs/cppcheck_rosidl_generated_cpp.xunit.xml" "--package-name" "realsense_camera_msgs" "--output-file" "/home/yan/camps_ws/build/realsense_camera_msgs/ament_cppcheck/cppcheck_rosidl_generated_cpp.txt" "--command" "/opt/ros/dashing/bin/ament_cppcheck" "--xunit-file" "/home/yan/camps_ws/build/realsense_camera_msgs/test_results/realsense_camera_msgs/cppcheck_rosidl_generated_cpp.xunit.xml" "/home/yan/camps_ws/build/realsense_camera_msgs/rosidl_generator_cpp/realsense_camera_msgs"</Value>
				</NamedMeasurement>
				<Measurement>
					<Value>-- run_test.py: invoking following command in '/home/yan/camps_ws/src/ros2_intel_realsense/realsense_camera_msgs':
 - /opt/ros/dashing/bin/ament_cppcheck --xunit-file /home/yan/camps_ws/build/realsense_camera_msgs/test_results/realsense_camera_msgs/cppcheck_rosidl_generated_cpp.xunit.xml /home/yan/camps_ws/build/realsense_camera_msgs/rosidl_generator_cpp/realsense_camera_msgs
No problems found
-- run_test.py: return code 0
-- run_test.py: verify result file '/home/yan/camps_ws/build/realsense_camera_msgs/test_results/realsense_camera_msgs/cppcheck_rosidl_generated_cpp.xunit.xml'
</Value>
				</Measurement>
			</Results>
			<Labels>
				<Label>cppcheck</Label>
				<Label>linter</Label>
			</Labels>
		</Test>
		<Test Status="passed">
			<Name>cpplint_rosidl_generated_cpp</Name>
			<Path>.</Path>
			<FullName>./cpplint_rosidl_generated_cpp</FullName>
			<FullCommandLine>/usr/bin/python3 "-u" "/opt/ros/dashing/share/ament_cmake_test/cmake/run_test.py" "/home/yan/camps_ws/build/realsense_camera_msgs/test_results/realsense_camera_msgs/cpplint_rosidl_generated_cpp.xunit.xml" "--package-name" "realsense_camera_msgs" "--output-file" "/home/yan/camps_ws/build/realsense_camera_msgs/ament_cpplint/cpplint_rosidl_generated_cpp.txt" "--command" "/opt/ros/dashing/bin/ament_cpplint" "--xunit-file" "/home/yan/camps_ws/build/realsense_camera_msgs/test_results/realsense_camera_msgs/cpplint_rosidl_generated_cpp.xunit.xml" "--linelength" "999" "--root" "/home/yan/camps_ws/build/realsense_camera_msgs/rosidl_generator_cpp" "/home/yan/camps_ws/build/realsense_camera_msgs/rosidl_generator_cpp/realsense_camera_msgs"</FullCommandLine>
			<Results>
				<NamedMeasurement type="numeric/double" name="Execution Time">
					<Value>3.08547</Value>
				</NamedMeasurement>
				<NamedMeasurement type="numeric/double" name="Processors">
					<Value>1</Value>
				</NamedMeasurement>
				<NamedMeasurement type="text/string" name="Completion Status">
					<Value>Completed</Value>
				</NamedMeasurement>
				<NamedMeasurement type="text/string" name="Command Line">
					<Value>/usr/bin/python3 "-u" "/opt/ros/dashing/share/ament_cmake_test/cmake/run_test.py" "/home/yan/camps_ws/build/realsense_camera_msgs/test_results/realsense_camera_msgs/cpplint_rosidl_generated_cpp.xunit.xml" "--package-name" "realsense_camera_msgs" "--output-file" "/home/yan/camps_ws/build/realsense_camera_msgs/ament_cpplint/cpplint_rosidl_generated_cpp.txt" "--command" "/opt/ros/dashing/bin/ament_cpplint" "--xunit-file" "/home/yan/camps_ws/build/realsense_camera_msgs/test_results/realsense_camera_msgs/cpplint_rosidl_generated_cpp.xunit.xml" "--linelength" "999" "--root" "/home/yan/camps_ws/build/realsense_camera_msgs/rosidl_generator_cpp" "/home/yan/camps_ws/build/realsense_camera_msgs/rosidl_generator_cpp/realsense_camera_msgs"</Value>
				</NamedMeasurement>
				<Measurement>
					<Value>-- run_test.py: invoking following command in '/home/yan/camps_ws/src/ros2_intel_realsense/realsense_camera_msgs':
 - /opt/ros/dashing/bin/ament_cpplint --xunit-file /home/yan/camps_ws/build/realsense_camera_msgs/test_results/realsense_camera_msgs/cpplint_rosidl_generated_cpp.xunit.xml --linelength 999 --root /home/yan/camps_ws/build/realsense_camera_msgs/rosidl_generator_cpp /home/yan/camps_ws/build/realsense_camera_msgs/rosidl_generator_cpp/realsense_camera_msgs
Using '--root=/home/yan/camps_ws/build/realsense_camera_msgs/rosidl_generator_cpp' argument

Done processing /home/yan/camps_ws/build/realsense_camera_msgs/rosidl_generator_cpp/realsense_camera_msgs/msg/extrinsics.hpp

Done processing /home/yan/camps_ws/build/realsense_camera_msgs/rosidl_generator_cpp/realsense_camera_msgs/msg/extrinsics__struct.hpp

Done processing /home/yan/camps_ws/build/realsense_camera_msgs/rosidl_generator_cpp/realsense_camera_msgs/msg/extrinsics__traits.hpp

Done processing /home/yan/camps_ws/build/realsense_camera_msgs/rosidl_generator_cpp/realsense_camera_msgs/msg/imu_info.hpp

Done processing /home/yan/camps_ws/build/realsense_camera_msgs/rosidl_generator_cpp/realsense_camera_msgs/msg/imu_info__struct.hpp

Done processing /home/yan/camps_ws/build/realsense_camera_msgs/rosidl_generator_cpp/realsense_camera_msgs/msg/imu_info__traits.hpp

No problems found
-- run_test.py: return code 0
-- run_test.py: verify result file '/home/yan/camps_ws/build/realsense_camera_msgs/test_results/realsense_camera_msgs/cpplint_rosidl_generated_cpp.xunit.xml'
</Value>
				</Measurement>
			</Results>
			<Labels>
				<Label>cpplint</Label>
				<Label>linter</Label>
			</Labels>
		</Test>
		<Test Status="passed">
			<Name>uncrustify_rosidl_generated_cpp</Name>
			<Path>.</Path>
			<FullName>./uncrustify_rosidl_generated_cpp</FullName>
			<FullCommandLine>/usr/bin/python3 "-u" "/opt/ros/dashing/share/ament_cmake_test/cmake/run_test.py" "/home/yan/camps_ws/build/realsense_camera_msgs/test_results/realsense_camera_msgs/uncrustify_rosidl_generated_cpp.xunit.xml" "--package-name" "realsense_camera_msgs" "--output-file" "/home/yan/camps_ws/build/realsense_camera_msgs/ament_uncrustify/uncrustify_rosidl_generated_cpp.txt" "--command" "/opt/ros/dashing/bin/ament_uncrustify" "--xunit-file" "/home/yan/camps_ws/build/realsense_camera_msgs/test_results/realsense_camera_msgs/uncrustify_rosidl_generated_cpp.xunit.xml" "--linelength" "0" "/home/yan/camps_ws/build/realsense_camera_msgs/rosidl_generator_cpp/realsense_camera_msgs"</FullCommandLine>
			<Results>
				<NamedMeasurement type="numeric/double" name="Execution Time">
					<Value>1.90385</Value>
				</NamedMeasurement>
				<NamedMeasurement type="numeric/double" name="Processors">
					<Value>1</Value>
				</NamedMeasurement>
				<NamedMeasurement type="text/string" name="Completion Status">
					<Value>Completed</Value>
				</NamedMeasurement>
				<NamedMeasurement type="text/string" name="Command Line">
					<Value>/usr/bin/python3 "-u" "/opt/ros/dashing/share/ament_cmake_test/cmake/run_test.py" "/home/yan/camps_ws/build/realsense_camera_msgs/test_results/realsense_camera_msgs/uncrustify_rosidl_generated_cpp.xunit.xml" "--package-name" "realsense_camera_msgs" "--output-file" "/home/yan/camps_ws/build/realsense_camera_msgs/ament_uncrustify/uncrustify_rosidl_generated_cpp.txt" "--command" "/opt/ros/dashing/bin/ament_uncrustify" "--xunit-file" "/home/yan/camps_ws/build/realsense_camera_msgs/test_results/realsense_camera_msgs/uncrustify_rosidl_generated_cpp.xunit.xml" "--linelength" "0" "/home/yan/camps_ws/build/realsense_camera_msgs/rosidl_generator_cpp/realsense_camera_msgs"</Value>
				</NamedMeasurement>
				<Measurement>
					<Value>-- run_test.py: invoking following command in '/home/yan/camps_ws/src/ros2_intel_realsense/realsense_camera_msgs':
 - /opt/ros/dashing/bin/ament_uncrustify --xunit-file /home/yan/camps_ws/build/realsense_camera_msgs/test_results/realsense_camera_msgs/uncrustify_rosidl_generated_cpp.xunit.xml --linelength 0 /home/yan/camps_ws/build/realsense_camera_msgs/rosidl_generator_cpp/realsense_camera_msgs
No code style divergence in file '/home/yan/camps_ws/build/realsense_camera_msgs/rosidl_generator_cpp/realsense_camera_msgs/msg/extrinsics.hpp'

No code style divergence in file '/home/yan/camps_ws/build/realsense_camera_msgs/rosidl_generator_cpp/realsense_camera_msgs/msg/extrinsics__struct.hpp'

No code style divergence in file '/home/yan/camps_ws/build/realsense_camera_msgs/rosidl_generator_cpp/realsense_camera_msgs/msg/extrinsics__traits.hpp'

No code style divergence in file '/home/yan/camps_ws/build/realsense_camera_msgs/rosidl_generator_cpp/realsense_camera_msgs/msg/imu_info.hpp'

No code style divergence in file '/home/yan/camps_ws/build/realsense_camera_msgs/rosidl_generator_cpp/realsense_camera_msgs/msg/imu_info__struct.hpp'

No code style divergence in file '/home/yan/camps_ws/build/realsense_camera_msgs/rosidl_generator_cpp/realsense_camera_msgs/msg/imu_info__traits.hpp'

No problems found
-- run_test.py: return code 0
-- run_test.py: verify result file '/home/yan/camps_ws/build/realsense_camera_msgs/test_results/realsense_camera_msgs/uncrustify_rosidl_generated_cpp.xunit.xml'
</Value>
				</Measurement>
			</Results>
			<Labels>
				<Label>linter</Label>
				<Label>uncrustify</Label>
			</Labels>
		</Test>
		<Test Status="passed">
			<Name>cppcheck_rosidl_typesupport_introspection_c</Name>
			<Path>.</Path>
			<FullName>./cppcheck_rosidl_typesupport_introspection_c</FullName>
			<FullCommandLine>/usr/bin/python3 "-u" "/opt/ros/dashing/share/ament_cmake_test/cmake/run_test.py" "/home/yan/camps_ws/build/realsense_camera_msgs/test_results/realsense_camera_msgs/cppcheck_rosidl_typesupport_introspection_c.xunit.xml" "--package-name" "realsense_camera_msgs" "--output-file" "/home/yan/camps_ws/build/realsense_camera_msgs/ament_cppcheck/cppcheck_rosidl_typesupport_introspection_c.txt" "--command" "/opt/ros/dashing/bin/ament_cppcheck" "--xunit-file" "/home/yan/camps_ws/build/realsense_camera_msgs/test_results/realsense_camera_msgs/cppcheck_rosidl_typesupport_introspection_c.xunit.xml" "/home/yan/camps_ws/build/realsense_camera_msgs/rosidl_typesupport_introspection_c/realsense_camera_msgs"</FullCommandLine>
			<Results>
				<NamedMeasurement type="numeric/double" name="Execution Time">
					<Value>1.95638</Value>
				</NamedMeasurement>
				<NamedMeasurement type="numeric/double" name="Processors">
					<Value>1</Value>
				</NamedMeasurement>
				<NamedMeasurement type="text/string" name="Completion Status">
					<Value>Completed</Value>
				</NamedMeasurement>
				<NamedMeasurement type="text/string" name="Command Line">
					<Value>/usr/bin/python3 "-u" "/opt/ros/dashing/share/ament_cmake_test/cmake/run_test.py" "/home/yan/camps_ws/build/realsense_camera_msgs/test_results/realsense_camera_msgs/cppcheck_rosidl_typesupport_introspection_c.xunit.xml" "--package-name" "realsense_camera_msgs" "--output-file" "/home/yan/camps_ws/build/realsense_camera_msgs/ament_cppcheck/cppcheck_rosidl_typesupport_introspection_c.txt" "--command" "/opt/ros/dashing/bin/ament_cppcheck" "--xunit-file" "/home/yan/camps_ws/build/realsense_camera_msgs/test_results/realsense_camera_msgs/cppcheck_rosidl_typesupport_introspection_c.xunit.xml" "/home/yan/camps_ws/build/realsense_camera_msgs/rosidl_typesupport_introspection_c/realsense_camera_msgs"</Value>
				</NamedMeasurement>
				<Measurement>
					<Value>-- run_test.py: invoking following command in '/home/yan/camps_ws/src/ros2_intel_realsense/realsense_camera_msgs':
 - /opt/ros/dashing/bin/ament_cppcheck --xunit-file /home/yan/camps_ws/build/realsense_camera_msgs/test_results/realsense_camera_msgs/cppcheck_rosidl_typesupport_introspection_c.xunit.xml /home/yan/camps_ws/build/realsense_camera_msgs/rosidl_typesupport_introspection_c/realsense_camera_msgs
No problems found
-- run_test.py: return code 0
-- run_test.py: verify result file '/home/yan/camps_ws/build/realsense_camera_msgs/test_results/realsense_camera_msgs/cppcheck_rosidl_typesupport_introspection_c.xunit.xml'
</Value>
				</Measurement>
			</Results>
			<Labels>
				<Label>cppcheck</Label>
				<Label>linter</Label>
			</Labels>
		</Test>
		<Test Status="passed">
			<Name>cpplint_rosidl_typesupport_introspection_c</Name>
			<Path>.</Path>
			<FullName>./cpplint_rosidl_typesupport_introspection_c</FullName>
			<FullCommandLine>/usr/bin/python3 "-u" "/opt/ros/dashing/share/ament_cmake_test/cmake/run_test.py" "/home/yan/camps_ws/build/realsense_camera_msgs/test_results/realsense_camera_msgs/cpplint_rosidl_typesupport_introspection_c.xunit.xml" "--package-name" "realsense_camera_msgs" "--output-file" "/home/yan/camps_ws/build/realsense_camera_msgs/ament_cpplint/cpplint_rosidl_typesupport_introspection_c.txt" "--command" "/opt/ros/dashing/bin/ament_cpplint" "--xunit-file" "/home/yan/camps_ws/build/realsense_camera_msgs/test_results/realsense_camera_msgs/cpplint_rosidl_typesupport_introspection_c.xunit.xml" "--linelength" "999" "--root" "/home/yan/camps_ws/build/realsense_camera_msgs/rosidl_typesupport_introspection_c" "/home/yan/camps_ws/build/realsense_camera_msgs/rosidl_typesupport_introspection_c/realsense_camera_msgs"</FullCommandLine>
			<Results>
				<NamedMeasurement type="numeric/double" name="Execution Time">
					<Value>2.44297</Value>
				</NamedMeasurement>
				<NamedMeasurement type="numeric/double" name="Processors">
					<Value>1</Value>
				</NamedMeasurement>
				<NamedMeasurement type="text/string" name="Completion Status">
					<Value>Completed</Value>
				</NamedMeasurement>
				<NamedMeasurement type="text/string" name="Command Line">
					<Value>/usr/bin/python3 "-u" "/opt/ros/dashing/share/ament_cmake_test/cmake/run_test.py" "/home/yan/camps_ws/build/realsense_camera_msgs/test_results/realsense_camera_msgs/cpplint_rosidl_typesupport_introspection_c.xunit.xml" "--package-name" "realsense_camera_msgs" "--output-file" "/home/yan/camps_ws/build/realsense_camera_msgs/ament_cpplint/cpplint_rosidl_typesupport_introspection_c.txt" "--command" "/opt/ros/dashing/bin/ament_cpplint" "--xunit-file" "/home/yan/camps_ws/build/realsense_camera_msgs/test_results/realsense_camera_msgs/cpplint_rosidl_typesupport_introspection_c.xunit.xml" "--linelength" "999" "--root" "/home/yan/camps_ws/build/realsense_camera_msgs/rosidl_typesupport_introspection_c" "/home/yan/camps_ws/build/realsense_camera_msgs/rosidl_typesupport_introspection_c/realsense_camera_msgs"</Value>
				</NamedMeasurement>
				<Measurement>
					<Value>-- run_test.py: invoking following command in '/home/yan/camps_ws/src/ros2_intel_realsense/realsense_camera_msgs':
 - /opt/ros/dashing/bin/ament_cpplint --xunit-file /home/yan/camps_ws/build/realsense_camera_msgs/test_results/realsense_camera_msgs/cpplint_rosidl_typesupport_introspection_c.xunit.xml --linelength 999 --root /home/yan/camps_ws/build/realsense_camera_msgs/rosidl_typesupport_introspection_c /home/yan/camps_ws/build/realsense_camera_msgs/rosidl_typesupport_introspection_c/realsense_camera_msgs
Using '--root=/home/yan/camps_ws/build/realsense_camera_msgs/rosidl_typesupport_introspection_c' argument

Done processing /home/yan/camps_ws/build/realsense_camera_msgs/rosidl_typesupport_introspection_c/realsense_camera_msgs/msg/extrinsics__rosidl_typesupport_introspection_c.h

Done processing /home/yan/camps_ws/build/realsense_camera_msgs/rosidl_typesupport_introspection_c/realsense_camera_msgs/msg/extrinsics__type_support.c

Done processing /home/yan/camps_ws/build/realsense_camera_msgs/rosidl_typesupport_introspection_c/realsense_camera_msgs/msg/imu_info__rosidl_typesupport_introspection_c.h

Done processing /home/yan/camps_ws/build/realsense_camera_msgs/rosidl_typesupport_introspection_c/realsense_camera_msgs/msg/imu_info__type_support.c

Done processing /home/yan/camps_ws/build/realsense_camera_msgs/rosidl_typesupport_introspection_c/realsense_camera_msgs/msg/rosidl_typesupport_introspection_c__visibility_control.h

No problems found
-- run_test.py: return code 0
-- run_test.py: verify result file '/home/yan/camps_ws/build/realsense_camera_msgs/test_results/realsense_camera_msgs/cpplint_rosidl_typesupport_introspection_c.xunit.xml'
</Value>
				</Measurement>
			</Results>
			<Labels>
				<Label>cpplint</Label>
				<Label>linter</Label>
			</Labels>
		</Test>
		<Test Status="passed">
			<Name>uncrustify_rosidl_typesupport_introspection_c</Name>
			<Path>.</Path>
			<FullName>./uncrustify_rosidl_typesupport_introspection_c</FullName>
			<FullCommandLine>/usr/bin/python3 "-u" "/opt/ros/dashing/share/ament_cmake_test/cmake/run_test.py" "/home/yan/camps_ws/build/realsense_camera_msgs/test_results/realsense_camera_msgs/uncrustify_rosidl_typesupport_introspection_c.xunit.xml" "--package-name" "realsense_camera_msgs" "--output-file" "/home/yan/camps_ws/build/realsense_camera_msgs/ament_uncrustify/uncrustify_rosidl_typesupport_introspection_c.txt" "--command" "/opt/ros/dashing/bin/ament_uncrustify" "--xunit-file" "/home/yan/camps_ws/build/realsense_camera_msgs/test_results/realsense_camera_msgs/uncrustify_rosidl_typesupport_introspection_c.xunit.xml" "--linelength" "0" "/home/yan/camps_ws/build/realsense_camera_msgs/rosidl_typesupport_introspection_c/realsense_camera_msgs"</FullCommandLine>
			<Results>
				<NamedMeasurement type="numeric/double" name="Execution Time">
					<Value>1.95045</Value>
				</NamedMeasurement>
				<NamedMeasurement type="numeric/double" name="Processors">
					<Value>1</Value>
				</NamedMeasurement>
				<NamedMeasurement type="text/string" name="Completion Status">
					<Value>Completed</Value>
				</NamedMeasurement>
				<NamedMeasurement type="text/string" name="Command Line">
					<Value>/usr/bin/python3 "-u" "/opt/ros/dashing/share/ament_cmake_test/cmake/run_test.py" "/home/yan/camps_ws/build/realsense_camera_msgs/test_results/realsense_camera_msgs/uncrustify_rosidl_typesupport_introspection_c.xunit.xml" "--package-name" "realsense_camera_msgs" "--output-file" "/home/yan/camps_ws/build/realsense_camera_msgs/ament_uncrustify/uncrustify_rosidl_typesupport_introspection_c.txt" "--command" "/opt/ros/dashing/bin/ament_uncrustify" "--xunit-file" "/home/yan/camps_ws/build/realsense_camera_msgs/test_results/realsense_camera_msgs/uncrustify_rosidl_typesupport_introspection_c.xunit.xml" "--linelength" "0" "/home/yan/camps_ws/build/realsense_camera_msgs/rosidl_typesupport_introspection_c/realsense_camera_msgs"</Value>
				</NamedMeasurement>
				<Measurement>
					<Value>-- run_test.py: invoking following command in '/home/yan/camps_ws/src/ros2_intel_realsense/realsense_camera_msgs':
 - /opt/ros/dashing/bin/ament_uncrustify --xunit-file /home/yan/camps_ws/build/realsense_camera_msgs/test_results/realsense_camera_msgs/uncrustify_rosidl_typesupport_introspection_c.xunit.xml --linelength 0 /home/yan/camps_ws/build/realsense_camera_msgs/rosidl_typesupport_introspection_c/realsense_camera_msgs
No code style divergence in file '/home/yan/camps_ws/build/realsense_camera_msgs/rosidl_typesupport_introspection_c/realsense_camera_msgs/msg/extrinsics__rosidl_typesupport_introspection_c.h'

No code style divergence in file '/home/yan/camps_ws/build/realsense_camera_msgs/rosidl_typesupport_introspection_c/realsense_camera_msgs/msg/extrinsics__type_support.c'

No code style divergence in file '/home/yan/camps_ws/build/realsense_camera_msgs/rosidl_typesupport_introspection_c/realsense_camera_msgs/msg/imu_info__rosidl_typesupport_introspection_c.h'

No code style divergence in file '/home/yan/camps_ws/build/realsense_camera_msgs/rosidl_typesupport_introspection_c/realsense_camera_msgs/msg/imu_info__type_support.c'

No code style divergence in file '/home/yan/camps_ws/build/realsense_camera_msgs/rosidl_typesupport_introspection_c/realsense_camera_msgs/msg/rosidl_typesupport_introspection_c__visibility_control.h'

No problems found
-- run_test.py: return code 0
-- run_test.py: verify result file '/home/yan/camps_ws/build/realsense_camera_msgs/test_results/realsense_camera_msgs/uncrustify_rosidl_typesupport_introspection_c.xunit.xml'
</Value>
				</Measurement>
			</Results>
			<Labels>
				<Label>linter</Label>
				<Label>uncrustify</Label>
			</Labels>
		</Test>
		<Test Status="passed">
			<Name>cppcheck_rosidl_typesupport_introspection_cpp</Name>
			<Path>.</Path>
			<FullName>./cppcheck_rosidl_typesupport_introspection_cpp</FullName>
			<FullCommandLine>/usr/bin/python3 "-u" "/opt/ros/dashing/share/ament_cmake_test/cmake/run_test.py" "/home/yan/camps_ws/build/realsense_camera_msgs/test_results/realsense_camera_msgs/cppcheck_rosidl_typesupport_introspection_cpp.xunit.xml" "--package-name" "realsense_camera_msgs" "--output-file" "/home/yan/camps_ws/build/realsense_camera_msgs/ament_cppcheck/cppcheck_rosidl_typesupport_introspection_cpp.txt" "--command" "/opt/ros/dashing/bin/ament_cppcheck" "--xunit-file" "/home/yan/camps_ws/build/realsense_camera_msgs/test_results/realsense_camera_msgs/cppcheck_rosidl_typesupport_introspection_cpp.xunit.xml" "/home/yan/camps_ws/build/realsense_camera_msgs/rosidl_typesupport_introspection_cpp/realsense_camera_msgs"</FullCommandLine>
			<Results>
				<NamedMeasurement type="numeric/double" name="Execution Time">
					<Value>1.88376</Value>
				</NamedMeasurement>
				<NamedMeasurement type="numeric/double" name="Processors">
					<Value>1</Value>
				</NamedMeasurement>
				<NamedMeasurement type="text/string" name="Completion Status">
					<Value>Completed</Value>
				</NamedMeasurement>
				<NamedMeasurement type="text/string" name="Command Line">
					<Value>/usr/bin/python3 "-u" "/opt/ros/dashing/share/ament_cmake_test/cmake/run_test.py" "/home/yan/camps_ws/build/realsense_camera_msgs/test_results/realsense_camera_msgs/cppcheck_rosidl_typesupport_introspection_cpp.xunit.xml" "--package-name" "realsense_camera_msgs" "--output-file" "/home/yan/camps_ws/build/realsense_camera_msgs/ament_cppcheck/cppcheck_rosidl_typesupport_introspection_cpp.txt" "--command" "/opt/ros/dashing/bin/ament_cppcheck" "--xunit-file" "/home/yan/camps_ws/build/realsense_camera_msgs/test_results/realsense_camera_msgs/cppcheck_rosidl_typesupport_introspection_cpp.xunit.xml" "/home/yan/camps_ws/build/realsense_camera_msgs/rosidl_typesupport_introspection_cpp/realsense_camera_msgs"</Value>
				</NamedMeasurement>
				<Measurement>
					<Value>-- run_test.py: invoking following command in '/home/yan/camps_ws/src/ros2_intel_realsense/realsense_camera_msgs':
 - /opt/ros/dashing/bin/ament_cppcheck --xunit-file /home/yan/camps_ws/build/realsense_camera_msgs/test_results/realsense_camera_msgs/cppcheck_rosidl_typesupport_introspection_cpp.xunit.xml /home/yan/camps_ws/build/realsense_camera_msgs/rosidl_typesupport_introspection_cpp/realsense_camera_msgs
No problems found
-- run_test.py: return code 0
-- run_test.py: verify result file '/home/yan/camps_ws/build/realsense_camera_msgs/test_results/realsense_camera_msgs/cppcheck_rosidl_typesupport_introspection_cpp.xunit.xml'
</Value>
				</Measurement>
			</Results>
			<Labels>
				<Label>cppcheck</Label>
				<Label>linter</Label>
			</Labels>
		</Test>
		<Test Status="passed">
			<Name>cpplint_rosidl_typesupport_introspection_cpp</Name>
			<Path>.</Path>
			<FullName>./cpplint_rosidl_typesupport_introspection_cpp</FullName>
			<FullCommandLine>/usr/bin/python3 "-u" "/opt/ros/dashing/share/ament_cmake_test/cmake/run_test.py" "/home/yan/camps_ws/build/realsense_camera_msgs/test_results/realsense_camera_msgs/cpplint_rosidl_typesupport_introspection_cpp.xunit.xml" "--package-name" "realsense_camera_msgs" "--output-file" "/home/yan/camps_ws/build/realsense_camera_msgs/ament_cpplint/cpplint_rosidl_typesupport_introspection_cpp.txt" "--command" "/opt/ros/dashing/bin/ament_cpplint" "--xunit-file" "/home/yan/camps_ws/build/realsense_camera_msgs/test_results/realsense_camera_msgs/cpplint_rosidl_typesupport_introspection_cpp.xunit.xml" "--linelength" "999" "--root" "/home/yan/camps_ws/build/realsense_camera_msgs/rosidl_typesupport_introspection_cpp" "/home/yan/camps_ws/build/realsense_camera_msgs/rosidl_typesupport_introspection_cpp/realsense_camera_msgs"</FullCommandLine>
			<Results>
				<NamedMeasurement type="numeric/double" name="Execution Time">
					<Value>2.55125</Value>
				</NamedMeasurement>
				<NamedMeasurement type="numeric/double" name="Processors">
					<Value>1</Value>
				</NamedMeasurement>
				<NamedMeasurement type="text/string" name="Completion Status">
					<Value>Completed</Value>
				</NamedMeasurement>
				<NamedMeasurement type="text/string" name="Command Line">
					<Value>/usr/bin/python3 "-u" "/opt/ros/dashing/share/ament_cmake_test/cmake/run_test.py" "/home/yan/camps_ws/build/realsense_camera_msgs/test_results/realsense_camera_msgs/cpplint_rosidl_typesupport_introspection_cpp.xunit.xml" "--package-name" "realsense_camera_msgs" "--output-file" "/home/yan/camps_ws/build/realsense_camera_msgs/ament_cpplint/cpplint_rosidl_typesupport_introspection_cpp.txt" "--command" "/opt/ros/dashing/bin/ament_cpplint" "--xunit-file" "/home/yan/camps_ws/build/realsense_camera_msgs/test_results/realsense_camera_msgs/cpplint_rosidl_typesupport_introspection_cpp.xunit.xml" "--linelength" "999" "--root" "/home/yan/camps_ws/build/realsense_camera_msgs/rosidl_typesupport_introspection_cpp" "/home/yan/camps_ws/build/realsense_camera_msgs/rosidl_typesupport_introspection_cpp/realsense_camera_msgs"</Value>
				</NamedMeasurement>
				<Measurement>
					<Value>-- run_test.py: invoking following command in '/home/yan/camps_ws/src/ros2_intel_realsense/realsense_camera_msgs':
 - /opt/ros/dashing/bin/ament_cpplint --xunit-file /home/yan/camps_ws/build/realsense_camera_msgs/test_results/realsense_camera_msgs/cpplint_rosidl_typesupport_introspection_cpp.xunit.xml --linelength 999 --root /home/yan/camps_ws/build/realsense_camera_msgs/rosidl_typesupport_introspection_cpp /home/yan/camps_ws/build/realsense_camera_msgs/rosidl_typesupport_introspection_cpp/realsense_camera_msgs
Using '--root=/home/yan/camps_ws/build/realsense_camera_msgs/rosidl_typesupport_introspection_cpp' argument

Done processing /home/yan/camps_ws/build/realsense_camera_msgs/rosidl_typesupport_introspection_cpp/realsense_camera_msgs/msg/extrinsics__rosidl_typesupport_introspection_cpp.hpp

Done processing /home/yan/camps_ws/build/realsense_camera_msgs/rosidl_typesupport_introspection_cpp/realsense_camera_msgs/msg/extrinsics__type_support.cpp

Done processing /home/yan/camps_ws/build/realsense_camera_msgs/rosidl_typesupport_introspection_cpp/realsense_camera_msgs/msg/imu_info__rosidl_typesupport_introspection_cpp.hpp

Done processing /home/yan/camps_ws/build/realsense_camera_msgs/rosidl_typesupport_introspection_cpp/realsense_camera_msgs/msg/imu_info__type_support.cpp

No problems found
-- run_test.py: return code 0
-- run_test.py: verify result file '/home/yan/camps_ws/build/realsense_camera_msgs/test_results/realsense_camera_msgs/cpplint_rosidl_typesupport_introspection_cpp.xunit.xml'
</Value>
				</Measurement>
			</Results>
			<Labels>
				<Label>cpplint</Label>
				<Label>linter</Label>
			</Labels>
		</Test>
		<Test Status="passed">
			<Name>uncrustify_rosidl_typesupport_introspection_cpp</Name>
			<Path>.</Path>
			<FullName>./uncrustify_rosidl_typesupport_introspection_cpp</FullName>
			<FullCommandLine>/usr/bin/python3 "-u" "/opt/ros/dashing/share/ament_cmake_test/cmake/run_test.py" "/home/yan/camps_ws/build/realsense_camera_msgs/test_results/realsense_camera_msgs/uncrustify_rosidl_typesupport_introspection_cpp.xunit.xml" "--package-name" "realsense_camera_msgs" "--output-file" "/home/yan/camps_ws/build/realsense_camera_msgs/ament_uncrustify/uncrustify_rosidl_typesupport_introspection_cpp.txt" "--command" "/opt/ros/dashing/bin/ament_uncrustify" "--xunit-file" "/home/yan/camps_ws/build/realsense_camera_msgs/test_results/realsense_camera_msgs/uncrustify_rosidl_typesupport_introspection_cpp.xunit.xml" "--linelength" "0" "/home/yan/camps_ws/build/realsense_camera_msgs/rosidl_typesupport_introspection_cpp/realsense_camera_msgs"</FullCommandLine>
			<Results>
				<NamedMeasurement type="numeric/double" name="Execution Time">
					<Value>1.86218</Value>
				</NamedMeasurement>
				<NamedMeasurement type="numeric/double" name="Processors">
					<Value>1</Value>
				</NamedMeasurement>
				<NamedMeasurement type="text/string" name="Completion Status">
					<Value>Completed</Value>
				</NamedMeasurement>
				<NamedMeasurement type="text/string" name="Command Line">
					<Value>/usr/bin/python3 "-u" "/opt/ros/dashing/share/ament_cmake_test/cmake/run_test.py" "/home/yan/camps_ws/build/realsense_camera_msgs/test_results/realsense_camera_msgs/uncrustify_rosidl_typesupport_introspection_cpp.xunit.xml" "--package-name" "realsense_camera_msgs" "--output-file" "/home/yan/camps_ws/build/realsense_camera_msgs/ament_uncrustify/uncrustify_rosidl_typesupport_introspection_cpp.txt" "--command" "/opt/ros/dashing/bin/ament_uncrustify" "--xunit-file" "/home/yan/camps_ws/build/realsense_camera_msgs/test_results/realsense_camera_msgs/uncrustify_rosidl_typesupport_introspection_cpp.xunit.xml" "--linelength" "0" "/home/yan/camps_ws/build/realsense_camera_msgs/rosidl_typesupport_introspection_cpp/realsense_camera_msgs"</Value>
				</NamedMeasurement>
				<Measurement>
					<Value>-- run_test.py: invoking following command in '/home/yan/camps_ws/src/ros2_intel_realsense/realsense_camera_msgs':
 - /opt/ros/dashing/bin/ament_uncrustify --xunit-file /home/yan/camps_ws/build/realsense_camera_msgs/test_results/realsense_camera_msgs/uncrustify_rosidl_typesupport_introspection_cpp.xunit.xml --linelength 0 /home/yan/camps_ws/build/realsense_camera_msgs/rosidl_typesupport_introspection_cpp/realsense_camera_msgs
No code style divergence in file '/home/yan/camps_ws/build/realsense_camera_msgs/rosidl_typesupport_introspection_cpp/realsense_camera_msgs/msg/extrinsics__rosidl_typesupport_introspection_cpp.hpp'

No code style divergence in file '/home/yan/camps_ws/build/realsense_camera_msgs/rosidl_typesupport_introspection_cpp/realsense_camera_msgs/msg/extrinsics__type_support.cpp'

No code style divergence in file '/home/yan/camps_ws/build/realsense_camera_msgs/rosidl_typesupport_introspection_cpp/realsense_camera_msgs/msg/imu_info__rosidl_typesupport_introspection_cpp.hpp'

No code style divergence in file '/home/yan/camps_ws/build/realsense_camera_msgs/rosidl_typesupport_introspection_cpp/realsense_camera_msgs/msg/imu_info__type_support.cpp'

No problems found
-- run_test.py: return code 0
-- run_test.py: verify result file '/home/yan/camps_ws/build/realsense_camera_msgs/test_results/realsense_camera_msgs/uncrustify_rosidl_typesupport_introspection_cpp.xunit.xml'
</Value>
				</Measurement>
			</Results>
			<Labels>
				<Label>linter</Label>
				<Label>uncrustify</Label>
			</Labels>
		</Test>
		<Test Status="passed">
			<Name>cppcheck_rosidl_generated_py</Name>
			<Path>.</Path>
			<FullName>./cppcheck_rosidl_generated_py</FullName>
			<FullCommandLine>/usr/bin/python3 "-u" "/opt/ros/dashing/share/ament_cmake_test/cmake/run_test.py" "/home/yan/camps_ws/build/realsense_camera_msgs/test_results/realsense_camera_msgs/cppcheck_rosidl_generated_py.xunit.xml" "--package-name" "realsense_camera_msgs" "--output-file" "/home/yan/camps_ws/build/realsense_camera_msgs/ament_cppcheck/cppcheck_rosidl_generated_py.txt" "--command" "/opt/ros/dashing/bin/ament_cppcheck" "--xunit-file" "/home/yan/camps_ws/build/realsense_camera_msgs/test_results/realsense_camera_msgs/cppcheck_rosidl_generated_py.xunit.xml" "/home/yan/camps_ws/build/realsense_camera_msgs/rosidl_generator_py/realsense_camera_msgs"</FullCommandLine>
			<Results>
				<NamedMeasurement type="numeric/double" name="Execution Time">
					<Value>1.92515</Value>
				</NamedMeasurement>
				<NamedMeasurement type="numeric/double" name="Processors">
					<Value>1</Value>
				</NamedMeasurement>
				<NamedMeasurement type="text/string" name="Completion Status">
					<Value>Completed</Value>
				</NamedMeasurement>
				<NamedMeasurement type="text/string" name="Command Line">
					<Value>/usr/bin/python3 "-u" "/opt/ros/dashing/share/ament_cmake_test/cmake/run_test.py" "/home/yan/camps_ws/build/realsense_camera_msgs/test_results/realsense_camera_msgs/cppcheck_rosidl_generated_py.xunit.xml" "--package-name" "realsense_camera_msgs" "--output-file" "/home/yan/camps_ws/build/realsense_camera_msgs/ament_cppcheck/cppcheck_rosidl_generated_py.txt" "--command" "/opt/ros/dashing/bin/ament_cppcheck" "--xunit-file" "/home/yan/camps_ws/build/realsense_camera_msgs/test_results/realsense_camera_msgs/cppcheck_rosidl_generated_py.xunit.xml" "/home/yan/camps_ws/build/realsense_camera_msgs/rosidl_generator_py/realsense_camera_msgs"</Value>
				</NamedMeasurement>
				<Measurement>
					<Value>-- run_test.py: invoking following command in '/home/yan/camps_ws/src/ros2_intel_realsense/realsense_camera_msgs':
 - /opt/ros/dashing/bin/ament_cppcheck --xunit-file /home/yan/camps_ws/build/realsense_camera_msgs/test_results/realsense_camera_msgs/cppcheck_rosidl_generated_py.xunit.xml /home/yan/camps_ws/build/realsense_camera_msgs/rosidl_generator_py/realsense_camera_msgs
No problems found
-- run_test.py: return code 0
-- run_test.py: verify result file '/home/yan/camps_ws/build/realsense_camera_msgs/test_results/realsense_camera_msgs/cppcheck_rosidl_generated_py.xunit.xml'
</Value>
				</Measurement>
			</Results>
			<Labels>
				<Label>cppcheck</Label>
				<Label>linter</Label>
			</Labels>
		</Test>
		<Test Status="passed">
			<Name>cpplint_rosidl_generated_py</Name>
			<Path>.</Path>
			<FullName>./cpplint_rosidl_generated_py</FullName>
			<FullCommandLine>/usr/bin/python3 "-u" "/opt/ros/dashing/share/ament_cmake_test/cmake/run_test.py" "/home/yan/camps_ws/build/realsense_camera_msgs/test_results/realsense_camera_msgs/cpplint_rosidl_generated_py.xunit.xml" "--package-name" "realsense_camera_msgs" "--output-file" "/home/yan/camps_ws/build/realsense_camera_msgs/ament_cpplint/cpplint_rosidl_generated_py.txt" "--command" "/opt/ros/dashing/bin/ament_cpplint" "--xunit-file" "/home/yan/camps_ws/build/realsense_camera_msgs/test_results/realsense_camera_msgs/cpplint_rosidl_generated_py.xunit.xml" "--filters=-readability/fn_size" "--linelength" "999" "--root" "/home/yan/camps_ws/build/realsense_camera_msgs/rosidl_generator_py" "/home/yan/camps_ws/build/realsense_camera_msgs/rosidl_generator_py/realsense_camera_msgs"</FullCommandLine>
			<Results>
				<NamedMeasurement type="numeric/double" name="Execution Time">
					<Value>3.18009</Value>
				</NamedMeasurement>
				<NamedMeasurement type="numeric/double" name="Processors">
					<Value>1</Value>
				</NamedMeasurement>
				<NamedMeasurement type="text/string" name="Completion Status">
					<Value>Completed</Value>
				</NamedMeasurement>
				<NamedMeasurement type="text/string" name="Command Line">
					<Value>/usr/bin/python3 "-u" "/opt/ros/dashing/share/ament_cmake_test/cmake/run_test.py" "/home/yan/camps_ws/build/realsense_camera_msgs/test_results/realsense_camera_msgs/cpplint_rosidl_generated_py.xunit.xml" "--package-name" "realsense_camera_msgs" "--output-file" "/home/yan/camps_ws/build/realsense_camera_msgs/ament_cpplint/cpplint_rosidl_generated_py.txt" "--command" "/opt/ros/dashing/bin/ament_cpplint" "--xunit-file" "/home/yan/camps_ws/build/realsense_camera_msgs/test_results/realsense_camera_msgs/cpplint_rosidl_generated_py.xunit.xml" "--filters=-readability/fn_size" "--linelength" "999" "--root" "/home/yan/camps_ws/build/realsense_camera_msgs/rosidl_generator_py" "/home/yan/camps_ws/build/realsense_camera_msgs/rosidl_generator_py/realsense_camera_msgs"</Value>
				</NamedMeasurement>
				<Measurement>
					<Value>-- run_test.py: invoking following command in '/home/yan/camps_ws/src/ros2_intel_realsense/realsense_camera_msgs':
 - /opt/ros/dashing/bin/ament_cpplint --xunit-file /home/yan/camps_ws/build/realsense_camera_msgs/test_results/realsense_camera_msgs/cpplint_rosidl_generated_py.xunit.xml --filters=-readability/fn_size --linelength 999 --root /home/yan/camps_ws/build/realsense_camera_msgs/rosidl_generator_py /home/yan/camps_ws/build/realsense_camera_msgs/rosidl_generator_py/realsense_camera_msgs
Using '--root=/home/yan/camps_ws/build/realsense_camera_msgs/rosidl_generator_py' argument

Done processing /home/yan/camps_ws/build/realsense_camera_msgs/rosidl_generator_py/realsense_camera_msgs/_realsense_camera_msgs_s.ep.rosidl_typesupport_c.c

Done processing /home/yan/camps_ws/build/realsense_camera_msgs/rosidl_generator_py/realsense_camera_msgs/_realsense_camera_msgs_s.ep.rosidl_typesupport_fastrtps_c.c

Done processing /home/yan/camps_ws/build/realsense_camera_msgs/rosidl_generator_py/realsense_camera_msgs/msg/_extrinsics_s.c

Done processing /home/yan/camps_ws/build/realsense_camera_msgs/rosidl_generator_py/realsense_camera_msgs/msg/_imu_info_s.c

No problems found
-- run_test.py: return code 0
-- run_test.py: verify result file '/home/yan/camps_ws/build/realsense_camera_msgs/test_results/realsense_camera_msgs/cpplint_rosidl_generated_py.xunit.xml'
</Value>
				</Measurement>
			</Results>
			<Labels>
				<Label>cpplint</Label>
				<Label>linter</Label>
			</Labels>
		</Test>
		<Test Status="failed">
			<Name>flake8_rosidl_generated_py</Name>
			<Path>.</Path>
			<FullName>./flake8_rosidl_generated_py</FullName>
			<FullCommandLine>/usr/bin/python3 "-u" "/opt/ros/dashing/share/ament_cmake_test/cmake/run_test.py" "/home/yan/camps_ws/build/realsense_camera_msgs/test_results/realsense_camera_msgs/flake8_rosidl_generated_py.xunit.xml" "--package-name" "realsense_camera_msgs" "--output-file" "/home/yan/camps_ws/build/realsense_camera_msgs/ament_flake8/flake8_rosidl_generated_py.txt" "--command" "/opt/ros/dashing/bin/ament_flake8" "--xunit-file" "/home/yan/camps_ws/build/realsense_camera_msgs/test_results/realsense_camera_msgs/flake8_rosidl_generated_py.xunit.xml" "--linelength" "999" "/home/yan/camps_ws/build/realsense_camera_msgs/rosidl_generator_py/realsense_camera_msgs"</FullCommandLine>
			<Results>
				<NamedMeasurement type="text/string" name="Exit Code">
					<Value>Failed</Value>
				</NamedMeasurement>
				<NamedMeasurement type="text/string" name="Exit Value">
					<Value>1</Value>
				</NamedMeasurement>
				<NamedMeasurement type="numeric/double" name="Execution Time">
					<Value>3.25819</Value>
				</NamedMeasurement>
				<NamedMeasurement type="numeric/double" name="Processors">
					<Value>1</Value>
				</NamedMeasurement>
				<NamedMeasurement type="text/string" name="Completion Status">
					<Value>Completed</Value>
				</NamedMeasurement>
				<NamedMeasurement type="text/string" name="Command Line">
					<Value>/usr/bin/python3 "-u" "/opt/ros/dashing/share/ament_cmake_test/cmake/run_test.py" "/home/yan/camps_ws/build/realsense_camera_msgs/test_results/realsense_camera_msgs/flake8_rosidl_generated_py.xunit.xml" "--package-name" "realsense_camera_msgs" "--output-file" "/home/yan/camps_ws/build/realsense_camera_msgs/ament_flake8/flake8_rosidl_generated_py.txt" "--command" "/opt/ros/dashing/bin/ament_flake8" "--xunit-file" "/home/yan/camps_ws/build/realsense_camera_msgs/test_results/realsense_camera_msgs/flake8_rosidl_generated_py.xunit.xml" "--linelength" "999" "/home/yan/camps_ws/build/realsense_camera_msgs/rosidl_generator_py/realsense_camera_msgs"</Value>
				</NamedMeasurement>
				<Measurement>
					<Value>-- run_test.py: invoking following command in '/home/yan/camps_ws/src/ros2_intel_realsense/realsense_camera_msgs':
 - /opt/ros/dashing/bin/ament_flake8 --xunit-file /home/yan/camps_ws/build/realsense_camera_msgs/test_results/realsense_camera_msgs/flake8_rosidl_generated_py.xunit.xml --linelength 999 /home/yan/camps_ws/build/realsense_camera_msgs/rosidl_generator_py/realsense_camera_msgs
Traceback (most recent call last):
  File "/home/yan/.local/lib/python3.6/site-packages/flake8/plugins/manager.py", line 157, in load_plugin
    self._load()
  File "/home/yan/.local/lib/python3.6/site-packages/flake8/plugins/manager.py", line 134, in _load
    self._plugin = self.entry_point.load()
  File "/home/yan/.local/lib/python3.6/site-packages/importlib_metadata/__init__.py", line 98, in load
    return functools.reduce(getattr, attrs, module)
AttributeError: module 'pycodestyle' has no attribute 'break_around_binary_operator'

During handling of the above exception, another exception occurred:

Traceback (most recent call last):
  File "/opt/ros/dashing/bin/ament_flake8", line 11, in &lt;module&gt;
    load_entry_point('ament-flake8==0.7.12', 'console_scripts', 'ament_flake8')()
  File "/opt/ros/dashing/lib/python3.6/site-packages/ament_flake8/main.py", line 75, in main
    max_line_length=args.linelength)
  File "/opt/ros/dashing/lib/python3.6/site-packages/ament_flake8/main.py", line 176, in generate_flake8_report
    style = get_flake8_style_guide(flake8_argv)
  File "/opt/ros/dashing/lib/python3.6/site-packages/ament_flake8/main.py", line 140, in get_flake8_style_guide
    application.find_plugins(config_finder)
  File "/home/yan/.local/lib/python3.6/site-packages/flake8/main/application.py", line 159, in find_plugins
    self.check_plugins.load_plugins()
  File "/home/yan/.local/lib/python3.6/site-packages/flake8/plugins/manager.py", line 415, in load_plugins
    plugins = list(self.manager.map(load_plugin))
  File "/home/yan/.local/lib/python3.6/site-packages/flake8/plugins/manager.py", line 302, in map
    yield func(self.plugins[name], *args, **kwargs)
  File "/home/yan/.local/lib/python3.6/site-packages/flake8/plugins/manager.py", line 413, in load_plugin
    return plugin.load_plugin()
  File "/home/yan/.local/lib/python3.6/site-packages/flake8/plugins/manager.py", line 164, in load_plugin
    raise failed_to_load
flake8.exceptions.FailedToLoadPlugin: Flake8 failed to load plugin "pycodestyle.break_around_binary_operator" due to module 'pycodestyle' has no attribute 'break_around_binary_operator'.
-- run_test.py: return code 1
-- run_test.py: generate result file '/home/yan/camps_ws/build/realsense_camera_msgs/test_results/realsense_camera_msgs/flake8_rosidl_generated_py.xunit.xml' with failed test
-- run_test.py: verify result file '/home/yan/camps_ws/build/realsense_camera_msgs/test_results/realsense_camera_msgs/flake8_rosidl_generated_py.xunit.xml'
</Value>
				</Measurement>
			</Results>
			<Labels>
				<Label>flake8</Label>
				<Label>linter</Label>
			</Labels>
		</Test>
		<Test Status="passed">
			<Name>pep257_rosidl_generated_py</Name>
			<Path>.</Path>
			<FullName>./pep257_rosidl_generated_py</FullName>
			<FullCommandLine>/usr/bin/python3 "-u" "/opt/ros/dashing/share/ament_cmake_test/cmake/run_test.py" "/home/yan/camps_ws/build/realsense_camera_msgs/test_results/realsense_camera_msgs/pep257_rosidl_generated_py.xunit.xml" "--package-name" "realsense_camera_msgs" "--output-file" "/home/yan/camps_ws/build/realsense_camera_msgs/ament_pep257/pep257_rosidl_generated_py.txt" "--command" "/opt/ros/dashing/bin/ament_pep257" "--xunit-file" "/home/yan/camps_ws/build/realsense_camera_msgs/test_results/realsense_camera_msgs/pep257_rosidl_generated_py.xunit.xml" "/home/yan/camps_ws/build/realsense_camera_msgs/rosidl_generator_py/realsense_camera_msgs"</FullCommandLine>
			<Results>
				<NamedMeasurement type="numeric/double" name="Execution Time">
					<Value>2.68328</Value>
				</NamedMeasurement>
				<NamedMeasurement type="numeric/double" name="Processors">
					<Value>1</Value>
				</NamedMeasurement>
				<NamedMeasurement type="text/string" name="Completion Status">
					<Value>Completed</Value>
				</NamedMeasurement>
				<NamedMeasurement type="text/string" name="Command Line">
					<Value>/usr/bin/python3 "-u" "/opt/ros/dashing/share/ament_cmake_test/cmake/run_test.py" "/home/yan/camps_ws/build/realsense_camera_msgs/test_results/realsense_camera_msgs/pep257_rosidl_generated_py.xunit.xml" "--package-name" "realsense_camera_msgs" "--output-file" "/home/yan/camps_ws/build/realsense_camera_msgs/ament_pep257/pep257_rosidl_generated_py.txt" "--command" "/opt/ros/dashing/bin/ament_pep257" "--xunit-file" "/home/yan/camps_ws/build/realsense_camera_msgs/test_results/realsense_camera_msgs/pep257_rosidl_generated_py.xunit.xml" "/home/yan/camps_ws/build/realsense_camera_msgs/rosidl_generator_py/realsense_camera_msgs"</Value>
				</NamedMeasurement>
				<Measurement>
					<Value>-- run_test.py: invoking following command in '/home/yan/camps_ws/src/ros2_intel_realsense/realsense_camera_msgs':
 - /opt/ros/dashing/bin/ament_pep257 --xunit-file /home/yan/camps_ws/build/realsense_camera_msgs/test_results/realsense_camera_msgs/pep257_rosidl_generated_py.xunit.xml /home/yan/camps_ws/build/realsense_camera_msgs/rosidl_generator_py/realsense_camera_msgs
checking /home/yan/camps_ws/build/realsense_camera_msgs/rosidl_generator_py/realsense_camera_msgs/__init__.py
checking /home/yan/camps_ws/build/realsense_camera_msgs/rosidl_generator_py/realsense_camera_msgs/msg/__init__.py
checking /home/yan/camps_ws/build/realsense_camera_msgs/rosidl_generator_py/realsense_camera_msgs/msg/_extrinsics.py
checking /home/yan/camps_ws/build/realsense_camera_msgs/rosidl_generator_py/realsense_camera_msgs/msg/_imu_info.py
No problems found
-- run_test.py: return code 0
-- run_test.py: verify result file '/home/yan/camps_ws/build/realsense_camera_msgs/test_results/realsense_camera_msgs/pep257_rosidl_generated_py.xunit.xml'
</Value>
				</Measurement>
			</Results>
			<Labels>
				<Label>linter</Label>
				<Label>pep257</Label>
			</Labels>
		</Test>
		<Test Status="passed">
			<Name>uncrustify_rosidl_generated_py</Name>
			<Path>.</Path>
			<FullName>./uncrustify_rosidl_generated_py</FullName>
			<FullCommandLine>/usr/bin/python3 "-u" "/opt/ros/dashing/share/ament_cmake_test/cmake/run_test.py" "/home/yan/camps_ws/build/realsense_camera_msgs/test_results/realsense_camera_msgs/uncrustify_rosidl_generated_py.xunit.xml" "--package-name" "realsense_camera_msgs" "--output-file" "/home/yan/camps_ws/build/realsense_camera_msgs/ament_uncrustify/uncrustify_rosidl_generated_py.txt" "--command" "/opt/ros/dashing/bin/ament_uncrustify" "--xunit-file" "/home/yan/camps_ws/build/realsense_camera_msgs/test_results/realsense_camera_msgs/uncrustify_rosidl_generated_py.xunit.xml" "--linelength" "0" "/home/yan/camps_ws/build/realsense_camera_msgs/rosidl_generator_py/realsense_camera_msgs"</FullCommandLine>
			<Results>
				<NamedMeasurement type="numeric/double" name="Execution Time">
					<Value>2.08837</Value>
				</NamedMeasurement>
				<NamedMeasurement type="numeric/double" name="Processors">
					<Value>1</Value>
				</NamedMeasurement>
				<NamedMeasurement type="text/string" name="Completion Status">
					<Value>Completed</Value>
				</NamedMeasurement>
				<NamedMeasurement type="text/string" name="Command Line">
					<Value>/usr/bin/python3 "-u" "/opt/ros/dashing/share/ament_cmake_test/cmake/run_test.py" "/home/yan/camps_ws/build/realsense_camera_msgs/test_results/realsense_camera_msgs/uncrustify_rosidl_generated_py.xunit.xml" "--package-name" "realsense_camera_msgs" "--output-file" "/home/yan/camps_ws/build/realsense_camera_msgs/ament_uncrustify/uncrustify_rosidl_generated_py.txt" "--command" "/opt/ros/dashing/bin/ament_uncrustify" "--xunit-file" "/home/yan/camps_ws/build/realsense_camera_msgs/test_results/realsense_camera_msgs/uncrustify_rosidl_generated_py.xunit.xml" "--linelength" "0" "/home/yan/camps_ws/build/realsense_camera_msgs/rosidl_generator_py/realsense_camera_msgs"</Value>
				</NamedMeasurement>
				<Measurement>
					<Value>-- run_test.py: invoking following command in '/home/yan/camps_ws/src/ros2_intel_realsense/realsense_camera_msgs':
 - /opt/ros/dashing/bin/ament_uncrustify --xunit-file /home/yan/camps_ws/build/realsense_camera_msgs/test_results/realsense_camera_msgs/uncrustify_rosidl_generated_py.xunit.xml --linelength 0 /home/yan/camps_ws/build/realsense_camera_msgs/rosidl_generator_py/realsense_camera_msgs
No code style divergence in file '/home/yan/camps_ws/build/realsense_camera_msgs/rosidl_generator_py/realsense_camera_msgs/_realsense_camera_msgs_s.ep.rosidl_typesupport_c.c'

No code style divergence in file '/home/yan/camps_ws/build/realsense_camera_msgs/rosidl_generator_py/realsense_camera_msgs/_realsense_camera_msgs_s.ep.rosidl_typesupport_fastrtps_c.c'

No code style divergence in file '/home/yan/camps_ws/build/realsense_camera_msgs/rosidl_generator_py/realsense_camera_msgs/msg/_extrinsics_s.c'

No code style divergence in file '/home/yan/camps_ws/build/realsense_camera_msgs/rosidl_generator_py/realsense_camera_msgs/msg/_imu_info_s.c'

No problems found
-- run_test.py: return code 0
-- run_test.py: verify result file '/home/yan/camps_ws/build/realsense_camera_msgs/test_results/realsense_camera_msgs/uncrustify_rosidl_generated_py.xunit.xml'
</Value>
				</Measurement>
			</Results>
			<Labels>
				<Label>linter</Label>
				<Label>uncrustify</Label>
			</Labels>
		</Test>
		<EndDateTime>Dec 20 15:59 +08</EndDateTime>
		<EndTestTime>1608451181</EndTestTime>
		<ElapsedMinutes>1.1</ElapsedMinutes>
	</Testing>
</Site>
